{"simTime":0.0,"timestamp":"2026-03-01T00:00:00Z","event":"ShiftOpen","data":{"shiftEnd":"23:59","gridId":"AS2","shiftStart":"00:00"}}
{"simTime":0.0,"timestamp":"2026-03-01T00:00:00Z","event":"ShiftOpen","data":{"shiftEnd":"23:59","gridId":"AS1","shiftStart":"00:00"}}
{"simTime":600.0,"timestamp":"2026-03-01T00:10:00Z","event":"ShipmentReceived","data":{"handlingFlags":[],"shipmentId":"SHIP-001","sortingDirection":"dir-1"}}
{"simTime":900.0,"timestamp":"2026-03-01T00:15:00Z","event":"ShipmentRouterTriggered","data":{"assignmentsCount":1}}
{"simTime":906.0,"timestamp":"2026-03-01T00:15:06Z","event":"BinArrivedAtPort","data":{"ean":"ean-1","binId":"bin-as1","shipmentId":"SHIP-001","qty":1,"portId":"AS1-port-1"}}
{"simTime":930.4847747073599,"timestamp":"2026-03-01T00:15:30Z","event":"BinPickCompleted","data":{"binId":"bin-as1","PickDuration":24.484774707359808,"shipmentId":"SHIP-001","portId":"AS1-port-1"}}
{"simTime":930.4847747073599,"timestamp":"2026-03-01T00:15:30Z","event":"ShipmentPacked","data":{"PackingDuration":330.48477470735986,"shipmentId":"SHIP-001","portId":"AS1-port-1"}}
{"simTime":2100.0,"timestamp":"2026-03-01T00:35:00Z","event":"ShipmentReceived","data":{"handlingFlags":[],"shipmentId":"SHIP-002","sortingDirection":"dir-1"}}
{"simTime":2700.0,"timestamp":"2026-03-01T00:45:00Z","event":"ShipmentRouterTriggered","data":{"assignmentsCount":1}}
{"simTime":2700.0,"timestamp":"2026-03-01T00:45:00Z","event":"BinTransferStarted","data":{"binId":"bin-as2","shipmentId":"SHIP-002","TransferDuration":60.0,"sourceGrid":"AS2","destinationGrid":"AS1","ArrivalTime":2760.0}}
{"simTime":2760.0,"timestamp":"2026-03-01T00:46:00Z","event":"BinTransferCompleted","data":{"isReturnTransfer":false,"binId":"bin-as2","sourceGrid":"AS2","destinationGrid":"AS1"}}
{"simTime":2766.0,"timestamp":"2026-03-01T00:46:06Z","event":"BinArrivedAtPort","data":{"ean":"ean-2","binId":"bin-as2","shipmentId":"SHIP-002","qty":2,"portId":"AS1-port-1"}}
{"simTime":2817.9315612319187,"timestamp":"2026-03-01T00:46:57Z","event":"BinPickCompleted","data":{"binId":"bin-as2","PickDuration":51.93156123191866,"shipmentId":"SHIP-002","portId":"AS1-port-1"}}
{"simTime":2817.9315612319187,"timestamp":"2026-03-01T00:46:57Z","event":"ShipmentPacked","data":{"PackingDuration":717.9315612319187,"shipmentId":"SHIP-002","portId":"AS1-port-1"}}
{"simTime":2820.0,"timestamp":"2026-03-01T00:47:00Z","event":"BinTransferCompleted","data":{"isReturnTransfer":true,"binId":"empty-bin-as1-1","sourceGrid":"AS1","destinationGrid":"AS2"}}
{"simTime":3600.0,"timestamp":"2026-03-01T01:00:00Z","event":"ShipmentReceived","data":{"handlingFlags":[],"shipmentId":"SHIP-003","sortingDirection":"dir-1"}}
{"simTime":3600.0,"timestamp":"2026-03-01T01:00:00Z","event":"ShipmentRouterTriggered","data":{"assignmentsCount":1}}
{"simTime":3606.0,"timestamp":"2026-03-01T01:00:06Z","event":"BinArrivedAtPort","data":{"ean":"ean-3","binId":"extra-bin-as1","shipmentId":"SHIP-003","qty":1,"portId":"AS1-port-1"}}
{"simTime":3633.256683130277,"timestamp":"2026-03-01T01:00:33Z","event":"BinPickCompleted","data":{"binId":"extra-bin-as1","PickDuration":27.256683130277185,"shipmentId":"SHIP-003","portId":"AS1-port-1"}}
{"simTime":3633.256683130277,"timestamp":"2026-03-01T01:00:33Z","event":"ShipmentPacked","data":{"PackingDuration":33.256683130277,"shipmentId":"SHIP-003","portId":"AS1-port-1"}}
{"simTime":5100.0,"timestamp":"2026-03-01T01:25:00Z","event":"ShipmentReceived","data":{"handlingFlags":[],"shipmentId":"SHIP-004","sortingDirection":"dir-1"}}
{"simTime":5400.0,"timestamp":"2026-03-01T01:30:00Z","event":"ShipmentRouterTriggered","data":{"assignmentsCount":1}}
{"simTime":5406.0,"timestamp":"2026-03-01T01:30:06Z","event":"BinArrivedAtPort","data":{"ean":"ean-1","binId":"bin-as1","shipmentId":"SHIP-004","qty":1,"portId":"AS1-port-1"}}
{"simTime":5435.902132238471,"timestamp":"2026-03-01T01:30:35Z","event":"BinPickCompleted","data":{"binId":"bin-as1","PickDuration":29.902132238470877,"shipmentId":"SHIP-004","portId":"AS1-port-1"}}
{"simTime":5441.902132238471,"timestamp":"2026-03-01T01:30:41Z","event":"BinArrivedAtPort","data":{"ean":"ean-2","binId":"bin-as2","shipmentId":"SHIP-004","qty":1,"portId":"AS1-port-1"}}
{"simTime":5467.940545560348,"timestamp":"2026-03-01T01:31:07Z","event":"BinPickCompleted","data":{"binId":"bin-as2","PickDuration":26.038413321877755,"shipmentId":"SHIP-004","portId":"AS1-port-1"}}
{"simTime":5467.940545560348,"timestamp":"2026-03-01T01:31:07Z","event":"ShipmentPacked","data":{"PackingDuration":367.94054556034826,"shipmentId":"SHIP-004","portId":"AS1-port-1"}}
{"simTime":6600.0,"timestamp":"2026-03-01T01:50:00Z","event":"ShipmentReceived","data":{"handlingFlags":[],"shipmentId":"SHIP-005","sortingDirection":"dir-1"}}
{"simTime":7200.0,"timestamp":"2026-03-01T02:00:00Z","event":"ShipmentRouterTriggered","data":{"assignmentsCount":1}}
{"simTime":7206.0,"timestamp":"2026-03-01T02:00:06Z","event":"BinArrivedAtPort","data":{"ean":"ean-2","binId":"bin-as2","shipmentId":"SHIP-005","qty":1,"portId":"AS1-port-1"}}
{"simTime":7227.077022848164,"timestamp":"2026-03-01T02:00:27Z","event":"BinPickCompleted","data":{"binId":"bin-as2","PickDuration":21.07702284816453,"shipmentId":"SHIP-005","portId":"AS1-port-1"}}
{"simTime":7227.077022848164,"timestamp":"2026-03-01T02:00:27Z","event":"ShipmentPacked","data":{"PackingDuration":627.0770228481642,"shipmentId":"SHIP-005","portId":"AS1-port-1"}}
{"simTime":8100.0,"timestamp":"2026-03-01T02:15:00Z","event":"ShipmentReceived","data":{"handlingFlags":[],"shipmentId":"SHIP-006","sortingDirection":"dir-1"}}
{"simTime":8100.0,"timestamp":"2026-03-01T02:15:00Z","event":"ShipmentRouterTriggered","data":{"assignmentsCount":1}}
{"simTime":8106.0,"timestamp":"2026-03-01T02:15:06Z","event":"BinArrivedAtPort","data":{"ean":"ean-3","binId":"extra-bin-as1","shipmentId":"SHIP-006","qty":2,"portId":"AS1-port-1"}}
{"simTime":8150.103498538668,"timestamp":"2026-03-01T02:15:50Z","event":"BinPickCompleted","data":{"binId":"extra-bin-as1","PickDuration":44.103498538667985,"shipmentId":"SHIP-006","portId":"AS1-port-1"}}
{"simTime":8150.103498538668,"timestamp":"2026-03-01T02:15:50Z","event":"ShipmentPacked","data":{"PackingDuration":50.103498538667736,"shipmentId":"SHIP-006","portId":"AS1-port-1"}}
{"simTime":9600.0,"timestamp":"2026-03-01T02:40:00Z","event":"ShipmentReceived","data":{"handlingFlags":[],"shipmentId":"SHIP-007","sortingDirection":"dir-1"}}
{"simTime":9900.0,"timestamp":"2026-03-01T02:45:00Z","event":"ShipmentRouterTriggered","data":{"assignmentsCount":1}}
{"simTime":9906.0,"timestamp":"2026-03-01T02:45:06Z","event":"BinArrivedAtPort","data":{"ean":"ean-1","binId":"bin-as1","shipmentId":"SHIP-007","qty":1,"portId":"AS1-port-1"}}
{"simTime":9928.180594845107,"timestamp":"2026-03-01T02:45:28Z","event":"BinPickCompleted","data":{"binId":"bin-as1","PickDuration":22.180594845106615,"shipmentId":"SHIP-007","portId":"AS1-port-1"}}
{"simTime":9928.180594845107,"timestamp":"2026-03-01T02:45:28Z","event":"ShipmentPacked","data":{"PackingDuration":328.1805948451074,"shipmentId":"SHIP-007","portId":"AS1-port-1"}}
{"simTime":11100.0,"timestamp":"2026-03-01T03:05:00Z","event":"ShipmentReceived","data":{"handlingFlags":[],"shipmentId":"SHIP-008","sortingDirection":"dir-1"}}
{"simTime":11700.0,"timestamp":"2026-03-01T03:15:00Z","event":"ShipmentRouterTriggered","data":{"assignmentsCount":1}}
{"simTime":11706.0,"timestamp":"2026-03-01T03:15:06Z","event":"BinArrivedAtPort","data":{"ean":"ean-2","binId":"bin-as2","shipmentId":"SHIP-008","qty":1,"portId":"AS1-port-1"}}
{"simTime":11731.488794816005,"timestamp":"2026-03-01T03:15:31Z","event":"BinPickCompleted","data":{"binId":"bin-as2","PickDuration":25.48879481600506,"shipmentId":"SHIP-008","portId":"AS1-port-1"}}
{"simTime":11737.488794816005,"timestamp":"2026-03-01T03:15:37Z","event":"BinArrivedAtPort","data":{"ean":"ean-3","binId":"extra-bin-as1","shipmentId":"SHIP-008","qty":1,"portId":"AS1-port-1"}}
{"simTime":11761.88708069638,"timestamp":"2026-03-01T03:16:01Z","event":"BinPickCompleted","data":{"binId":"extra-bin-as1","PickDuration":24.39828588037556,"shipmentId":"SHIP-008","portId":"AS1-port-1"}}
{"simTime":11761.88708069638,"timestamp":"2026-03-01T03:16:01Z","event":"ShipmentPacked","data":{"PackingDuration":661.8870806963805,"shipmentId":"SHIP-008","portId":"AS1-port-1"}}
{"simTime":12600.0,"timestamp":"2026-03-01T03:30:00Z","event":"ShipmentReceived","data":{"handlingFlags":[],"shipmentId":"SHIP-009","sortingDirection":"dir-1"}}
{"simTime":12600.0,"timestamp":"2026-03-01T03:30:00Z","event":"ShipmentRouterTriggered","data":{"assignmentsCount":1}}
{"simTime":12606.0,"timestamp":"2026-03-01T03:30:06Z","event":"BinArrivedAtPort","data":{"ean":"ean-1","binId":"bin-as1","shipmentId":"SHIP-009","qty":2,"portId":"AS1-port-1"}}
{"simTime":12661.018172292192,"timestamp":"2026-03-01T03:31:01Z","event":"BinPickCompleted","data":{"binId":"bin-as1","PickDuration":55.018172292190975,"shipmentId":"SHIP-009","portId":"AS1-port-1"}}
{"simTime":12661.018172292192,"timestamp":"2026-03-01T03:31:01Z","event":"ShipmentPacked","data":{"PackingDuration":61.01817229219159,"shipmentId":"SHIP-009","portId":"AS1-port-1"}}
{"simTime":14100.0,"timestamp":"2026-03-01T03:55:00Z","event":"ShipmentReceived","data":{"handlingFlags":[],"shipmentId":"SHIP-010","sortingDirection":"dir-1"}}
{"simTime":14400.0,"timestamp":"2026-03-01T04:00:00Z","event":"ShipmentRouterTriggered","data":{"assignmentsCount":1}}
{"simTime":14406.0,"timestamp":"2026-03-01T04:00:06Z","event":"BinArrivedAtPort","data":{"ean":"ean-3","binId":"extra-bin-as1","shipmentId":"SHIP-010","qty":1,"portId":"AS1-port-1"}}
{"simTime":14434.280961203756,"timestamp":"2026-03-01T04:00:34Z","event":"BinPickCompleted","data":{"binId":"extra-bin-as1","PickDuration":28.28096120375578,"shipmentId":"SHIP-010","portId":"AS1-port-1"}}
{"simTime":14434.280961203756,"timestamp":"2026-03-01T04:00:34Z","event":"ShipmentPacked","data":{"PackingDuration":334.2809612037563,"shipmentId":"SHIP-010","portId":"AS1-port-1"}}
{"simTime":15600.0,"timestamp":"2026-03-01T04:20:00Z","event":"ShipmentReceived","data":{"handlingFlags":[],"shipmentId":"SHIP-011","sortingDirection":"dir-1"}}
{"simTime":16200.0,"timestamp":"2026-03-01T04:30:00Z","event":"ShipmentRouterTriggered","data":{"assignmentsCount":1}}
{"simTime":16206.0,"timestamp":"2026-03-01T04:30:06Z","event":"BinArrivedAtPort","data":{"ean":"ean-2","binId":"bin-as2","shipmentId":"SHIP-011","qty":2,"portId":"AS1-port-1"}}
{"simTime":16265.937660082927,"timestamp":"2026-03-01T04:31:05Z","event":"BinPickCompleted","data":{"binId":"bin-as2","PickDuration":59.93766008292686,"shipmentId":"SHIP-011","portId":"AS1-port-1"}}
{"simTime":16265.937660082927,"timestamp":"2026-03-01T04:31:05Z","event":"ShipmentPacked","data":{"PackingDuration":665.9376600829273,"shipmentId":"SHIP-011","portId":"AS1-port-1"}}
{"simTime":17100.0,"timestamp":"2026-03-01T04:45:00Z","event":"ShipmentReceived","data":{"handlingFlags":[],"shipmentId":"SHIP-012","sortingDirection":"dir-1"}}
{"simTime":17100.0,"timestamp":"2026-03-01T04:45:00Z","event":"ShipmentRouterTriggered","data":{"assignmentsCount":1}}
{"simTime":17106.0,"timestamp":"2026-03-01T04:45:06Z","event":"BinArrivedAtPort","data":{"ean":"ean-1","binId":"bin-as1","shipmentId":"SHIP-012","qty":1,"portId":"AS1-port-1"}}
{"simTime":17127.113110831127,"timestamp":"2026-03-01T04:45:27Z","event":"BinPickCompleted","data":{"binId":"bin-as1","PickDuration":21.113110831126026,"shipmentId":"SHIP-012","portId":"AS1-port-1"}}
{"simTime":17133.113110831127,"timestamp":"2026-03-01T04:45:33Z","event":"BinArrivedAtPort","data":{"ean":"ean-3","binId":"extra-bin-as1","shipmentId":"SHIP-012","qty":1,"portId":"AS1-port-1"}}
{"simTime":17158.573333756103,"timestamp":"2026-03-01T04:45:58Z","event":"BinPickCompleted","data":{"binId":"extra-bin-as1","PickDuration":25.460222924974037,"shipmentId":"SHIP-012","portId":"AS1-port-1"}}
{"simTime":17158.573333756103,"timestamp":"2026-03-01T04:45:58Z","event":"ShipmentPacked","data":{"PackingDuration":58.57333375610324,"shipmentId":"SHIP-012","portId":"AS1-port-1"}}
{"simTime":18600.0,"timestamp":"2026-03-01T05:10:00Z","event":"ShipmentReceived","data":{"handlingFlags":[],"shipmentId":"SHIP-013","sortingDirection":"dir-1"}}
{"simTime":18900.0,"timestamp":"2026-03-01T05:15:00Z","event":"ShipmentRouterTriggered","data":{"assignmentsCount":1}}
{"simTime":18906.0,"timestamp":"2026-03-01T05:15:06Z","event":"BinArrivedAtPort","data":{"ean":"ean-2","binId":"bin-as2","shipmentId":"SHIP-013","qty":1,"portId":"AS1-port-1"}}
{"simTime":18927.90441465139,"timestamp":"2026-03-01T05:15:27Z","event":"BinPickCompleted","data":{"binId":"bin-as2","PickDuration":21.90441465139203,"shipmentId":"SHIP-013","portId":"AS1-port-1"}}
{"simTime":18927.90441465139,"timestamp":"2026-03-01T05:15:27Z","event":"ShipmentPacked","data":{"PackingDuration":327.90441465139156,"shipmentId":"SHIP-013","portId":"AS1-port-1"}}
{"simTime":20100.0,"timestamp":"2026-03-01T05:35:00Z","event":"ShipmentReceived","data":{"handlingFlags":[],"shipmentId":"SHIP-014","sortingDirection":"dir-1"}}
{"simTime":20700.0,"timestamp":"2026-03-01T05:45:00Z","event":"ShipmentRouterTriggered","data":{"assignmentsCount":1}}
{"simTime":20706.0,"timestamp":"2026-03-01T05:45:06Z","event":"BinArrivedAtPort","data":{"ean":"ean-1","binId":"bin-as1","shipmentId":"SHIP-014","qty":3,"portId":"AS1-port-1"}}
{"simTime":20788.336198392735,"timestamp":"2026-03-01T05:46:28Z","event":"BinPickCompleted","data":{"binId":"bin-as1","PickDuration":82.33619839273632,"shipmentId":"SHIP-014","portId":"AS1-port-1"}}
{"simTime":20788.336198392735,"timestamp":"2026-03-01T05:46:28Z","event":"ShipmentPacked","data":{"PackingDuration":688.3361983927352,"shipmentId":"SHIP-014","portId":"AS1-port-1"}}
{"simTime":21600.0,"timestamp":"2026-03-01T06:00:00Z","event":"ShipmentReceived","data":{"handlingFlags":[],"shipmentId":"SHIP-015","sortingDirection":"dir-1"}}
{"simTime":21600.0,"timestamp":"2026-03-01T06:00:00Z","event":"ShipmentRouterTriggered","data":{"assignmentsCount":1}}
{"simTime":21606.0,"timestamp":"2026-03-01T06:00:06Z","event":"BinArrivedAtPort","data":{"ean":"ean-3","binId":"extra-bin-as1","shipmentId":"SHIP-015","qty":1,"portId":"AS1-port-1"}}
{"simTime":21629.24298173823,"timestamp":"2026-03-01T06:00:29Z","event":"BinPickCompleted","data":{"binId":"extra-bin-as1","PickDuration":23.242981738228718,"shipmentId":"SHIP-015","portId":"AS1-port-1"}}
{"simTime":21629.24298173823,"timestamp":"2026-03-01T06:00:29Z","event":"ShipmentPacked","data":{"PackingDuration":29.24298173822899,"shipmentId":"SHIP-015","portId":"AS1-port-1"}}
{"simTime":23100.0,"timestamp":"2026-03-01T06:25:00Z","event":"ShipmentReceived","data":{"handlingFlags":[],"shipmentId":"SHIP-016","sortingDirection":"dir-1"}}
{"simTime":23400.0,"timestamp":"2026-03-01T06:30:00Z","event":"ShipmentRouterTriggered","data":{"assignmentsCount":1}}
{"simTime":23406.0,"timestamp":"2026-03-01T06:30:06Z","event":"BinArrivedAtPort","data":{"ean":"ean-1","binId":"bin-as1","shipmentId":"SHIP-016","qty":1,"portId":"AS1-port-1"}}
{"simTime":23429.146404743224,"timestamp":"2026-03-01T06:30:29Z","event":"BinPickCompleted","data":{"binId":"bin-as1","PickDuration":23.146404743225272,"shipmentId":"SHIP-016","portId":"AS1-port-1"}}
{"simTime":23435.146404743224,"timestamp":"2026-03-01T06:30:35Z","event":"BinArrivedAtPort","data":{"ean":"ean-2","binId":"bin-as2","shipmentId":"SHIP-016","qty":1,"portId":"AS1-port-1"}}
{"simTime":23464.9221161093,"timestamp":"2026-03-01T06:31:04Z","event":"BinPickCompleted","data":{"binId":"bin-as2","PickDuration":29.775711366077903,"shipmentId":"SHIP-016","portId":"AS1-port-1"}}
{"simTime":23464.9221161093,"timestamp":"2026-03-01T06:31:04Z","event":"ShipmentPacked","data":{"PackingDuration":364.922116109301,"shipmentId":"SHIP-016","portId":"AS1-port-1"}}
{"simTime":24600.0,"timestamp":"2026-03-01T06:50:00Z","event":"ShipmentReceived","data":{"handlingFlags":[],"shipmentId":"SHIP-017","sortingDirection":"dir-1"}}
{"simTime":25200.0,"timestamp":"2026-03-01T07:00:00Z","event":"ShipmentRouterTriggered","data":{"assignmentsCount":1}}
{"simTime":25206.0,"timestamp":"2026-03-01T07:00:06Z","event":"BinArrivedAtPort","data":{"ean":"ean-2","binId":"bin-as2","shipmentId":"SHIP-017","qty":2,"portId":"AS1-port-1"}}
{"simTime":25257.640943135928,"timestamp":"2026-03-01T07:00:57Z","event":"BinPickCompleted","data":{"binId":"bin-as2","PickDuration":51.64094313592954,"shipmentId":"SHIP-017","portId":"AS1-port-1"}}
{"simTime":25257.640943135928,"timestamp":"2026-03-01T07:00:57Z","event":"ShipmentPacked","data":{"PackingDuration":657.640943135928,"shipmentId":"SHIP-017","portId":"AS1-port-1"}}
{"simTime":26100.0,"timestamp":"2026-03-01T07:15:00Z","event":"ShipmentReceived","data":{"handlingFlags":[],"shipmentId":"SHIP-018","sortingDirection":"dir-1"}}
{"simTime":26100.0,"timestamp":"2026-03-01T07:15:00Z","event":"ShipmentRouterTriggered","data":{"assignmentsCount":1}}
{"simTime":26106.0,"timestamp":"2026-03-01T07:15:06Z","event":"BinArrivedAtPort","data":{"ean":"ean-3","binId":"extra-bin-as1","shipmentId":"SHIP-018","qty":2,"portId":"AS1-port-1"}}
{"simTime":26156.40435917627,"timestamp":"2026-03-01T07:15:56Z","event":"BinPickCompleted","data":{"binId":"extra-bin-as1","PickDuration":50.40435917627169,"shipmentId":"SHIP-018","portId":"AS1-port-1"}}
{"simTime":26156.40435917627,"timestamp":"2026-03-01T07:15:56Z","event":"ShipmentPacked","data":{"PackingDuration":56.4043591762711,"shipmentId":"SHIP-018","portId":"AS1-port-1"}}
{"simTime":27600.0,"timestamp":"2026-03-01T07:40:00Z","event":"ShipmentReceived","data":{"handlingFlags":[],"shipmentId":"SHIP-019","sortingDirection":"dir-1"}}
{"simTime":27900.0,"timestamp":"2026-03-01T07:45:00Z","event":"ShipmentRouterTriggered","data":{"assignmentsCount":1}}
{"simTime":27906.0,"timestamp":"2026-03-01T07:45:06Z","event":"BinArrivedAtPort","data":{"ean":"ean-1","binId":"bin-as1","shipmentId":"SHIP-019","qty":1,"portId":"AS1-port-1"}}
{"simTime":27934.261693532906,"timestamp":"2026-03-01T07:45:34Z","event":"BinPickCompleted","data":{"binId":"bin-as1","PickDuration":28.261693532904804,"shipmentId":"SHIP-019","portId":"AS1-port-1"}}
{"simTime":27934.261693532906,"timestamp":"2026-03-01T07:45:34Z","event":"ShipmentPacked","data":{"PackingDuration":334.26169353290607,"shipmentId":"SHIP-019","portId":"AS1-port-1"}}
{"simTime":29100.0,"timestamp":"2026-03-01T08:05:00Z","event":"ShipmentReceived","data":{"handlingFlags":[],"shipmentId":"SHIP-020","sortingDirection":"dir-1"}}
{"simTime":29700.0,"timestamp":"2026-03-01T08:15:00Z","event":"ShipmentRouterTriggered","data":{"assignmentsCount":1}}
{"simTime":29706.0,"timestamp":"2026-03-01T08:15:06Z","event":"BinArrivedAtPort","data":{"ean":"ean-2","binId":"bin-as2","shipmentId":"SHIP-020","qty":1,"portId":"AS1-port-1"}}
{"simTime":29728.866496075265,"timestamp":"2026-03-01T08:15:28Z","event":"BinPickCompleted","data":{"binId":"bin-as2","PickDuration":22.866496075264084,"shipmentId":"SHIP-020","portId":"AS1-port-1"}}
{"simTime":29734.866496075265,"timestamp":"2026-03-01T08:15:34Z","event":"BinArrivedAtPort","data":{"ean":"ean-3","binId":"extra-bin-as1","shipmentId":"SHIP-020","qty":1,"portId":"AS1-port-1"}}
{"simTime":29761.577474748414,"timestamp":"2026-03-01T08:16:01Z","event":"BinPickCompleted","data":{"binId":"extra-bin-as1","PickDuration":26.710978673149217,"shipmentId":"SHIP-020","portId":"AS1-port-1"}}
{"simTime":29761.577474748414,"timestamp":"2026-03-01T08:16:01Z","event":"ShipmentPacked","data":{"PackingDuration":661.5774747484138,"shipmentId":"SHIP-020","portId":"AS1-port-1"}}
{"simTime":30600.0,"timestamp":"2026-03-01T08:30:00Z","event":"ShipmentReceived","data":{"handlingFlags":[],"shipmentId":"SHIP-021","sortingDirection":"dir-1"}}
{"simTime":30600.0,"timestamp":"2026-03-01T08:30:00Z","event":"ShipmentRouterTriggered","data":{"assignmentsCount":1}}
{"simTime":30606.0,"timestamp":"2026-03-01T08:30:06Z","event":"BinArrivedAtPort","data":{"ean":"ean-1","binId":"bin-as1","shipmentId":"SHIP-021","qty":2,"portId":"AS1-port-1"}}
{"simTime":30657.32988987414,"timestamp":"2026-03-01T08:30:57Z","event":"BinPickCompleted","data":{"binId":"bin-as1","PickDuration":51.32988987414205,"shipmentId":"SHIP-021","portId":"AS1-port-1"}}
{"simTime":30657.32988987414,"timestamp":"2026-03-01T08:30:57Z","event":"ShipmentPacked","data":{"PackingDuration":57.32988987414137,"shipmentId":"SHIP-021","portId":"AS1-port-1"}}
{"simTime":32100.0,"timestamp":"2026-03-01T08:55:00Z","event":"ShipmentReceived","data":{"handlingFlags":[],"shipmentId":"SHIP-022","sortingDirection":"dir-1"}}
{"simTime":32400.0,"timestamp":"2026-03-01T09:00:00Z","event":"ShipmentRouterTriggered","data":{"assignmentsCount":1}}
{"simTime":32406.0,"timestamp":"2026-03-01T09:00:06Z","event":"BinArrivedAtPort","data":{"ean":"ean-2","binId":"bin-as2","shipmentId":"SHIP-022","qty":1,"portId":"AS1-port-1"}}
{"simTime":32433.443119371062,"timestamp":"2026-03-01T09:00:33Z","event":"BinPickCompleted","data":{"binId":"bin-as2","PickDuration":27.443119371060998,"shipmentId":"SHIP-022","portId":"AS1-port-1"}}
{"simTime":32433.443119371062,"timestamp":"2026-03-01T09:00:33Z","event":"ShipmentPacked","data":{"PackingDuration":333.4431193710625,"shipmentId":"SHIP-022","portId":"AS1-port-1"}}
{"simTime":33600.0,"timestamp":"2026-03-01T09:20:00Z","event":"ShipmentReceived","data":{"handlingFlags":[],"shipmentId":"SHIP-023","sortingDirection":"dir-1"}}
{"simTime":34200.0,"timestamp":"2026-03-01T09:30:00Z","event":"ShipmentRouterTriggered","data":{"assignmentsCount":1}}
{"simTime":34206.0,"timestamp":"2026-03-01T09:30:06Z","event":"BinArrivedAtPort","data":{"ean":"ean-3","binId":"extra-bin-as1","shipmentId":"SHIP-023","qty":1,"portId":"AS1-port-1"}}
{"simTime":34230.860631930016,"timestamp":"2026-03-01T09:30:30Z","event":"BinPickCompleted","data":{"binId":"extra-bin-as1","PickDuration":24.86063193001613,"shipmentId":"SHIP-023","portId":"AS1-port-1"}}
{"simTime":34230.860631930016,"timestamp":"2026-03-01T09:30:30Z","event":"ShipmentPacked","data":{"PackingDuration":630.8606319300161,"shipmentId":"SHIP-023","portId":"AS1-port-1"}}
{"simTime":35100.0,"timestamp":"2026-03-01T09:45:00Z","event":"ShipmentReceived","data":{"handlingFlags":[],"shipmentId":"SHIP-024","sortingDirection":"dir-1"}}
{"simTime":35100.0,"timestamp":"2026-03-01T09:45:00Z","event":"ShipmentRouterTriggered","data":{"assignmentsCount":1}}
{"simTime":35106.0,"timestamp":"2026-03-01T09:45:06Z","event":"BinArrivedAtPort","data":{"ean":"ean-1","binId":"bin-as1","shipmentId":"SHIP-024","qty":1,"portId":"AS1-port-1"}}
{"simTime":35134.053688201384,"timestamp":"2026-03-01T09:45:34Z","event":"BinPickCompleted","data":{"binId":"bin-as1","PickDuration":28.05368820138682,"shipmentId":"SHIP-024","portId":"AS1-port-1"}}
{"simTime":35140.053688201384,"timestamp":"2026-03-01T09:45:40Z","event":"BinArrivedAtPort","data":{"ean":"ean-2","binId":"bin-as2","shipmentId":"SHIP-024","qty":1,"portId":"AS1-port-1"}}
{"simTime":35163.528864079475,"timestamp":"2026-03-01T09:46:03Z","event":"BinPickCompleted","data":{"binId":"bin-as2","PickDuration":23.47517587808828,"shipmentId":"SHIP-024","portId":"AS1-port-1"}}
{"simTime":35163.528864079475,"timestamp":"2026-03-01T09:46:03Z","event":"ShipmentPacked","data":{"PackingDuration":63.52886407947517,"shipmentId":"SHIP-024","portId":"AS1-port-1"}}
{"simTime":36600.0,"timestamp":"2026-03-01T10:10:00Z","event":"ShipmentReceived","data":{"handlingFlags":[],"shipmentId":"SHIP-025","sortingDirection":"dir-1"}}
{"simTime":36900.0,"timestamp":"2026-03-01T10:15:00Z","event":"ShipmentRouterTriggered","data":{"assignmentsCount":1}}
{"simTime":36906.0,"timestamp":"2026-03-01T10:15:06Z","event":"BinArrivedAtPort","data":{"ean":"ean-2","binId":"bin-as2","shipmentId":"SHIP-025","qty":2,"portId":"AS1-port-1"}}
{"simTime":36948.51292589204,"timestamp":"2026-03-01T10:15:48Z","event":"BinPickCompleted","data":{"binId":"bin-as2","PickDuration":42.51292589204082,"shipmentId":"SHIP-025","portId":"AS1-port-1"}}
{"simTime":36948.51292589204,"timestamp":"2026-03-01T10:15:48Z","event":"ShipmentPacked","data":{"PackingDuration":348.5129258920424,"shipmentId":"SHIP-025","portId":"AS1-port-1"}}
{"simTime":38100.0,"timestamp":"2026-03-01T10:35:00Z","event":"ShipmentReceived","data":{"handlingFlags":[],"shipmentId":"SHIP-026","sortingDirection":"dir-1"}}
{"simTime":38700.0,"timestamp":"2026-03-01T10:45:00Z","event":"ShipmentRouterTriggered","data":{"assignmentsCount":1}}
{"simTime":38706.0,"timestamp":"2026-03-01T10:45:06Z","event":"BinArrivedAtPort","data":{"ean":"ean-3","binId":"extra-bin-as1","shipmentId":"SHIP-026","qty":2,"portId":"AS1-port-1"}}
{"simTime":38753.53287182019,"timestamp":"2026-03-01T10:45:53Z","event":"BinPickCompleted","data":{"binId":"extra-bin-as1","PickDuration":47.5328718201923,"shipmentId":"SHIP-026","portId":"AS1-port-1"}}
{"simTime":38753.53287182019,"timestamp":"2026-03-01T10:45:53Z","event":"ShipmentPacked","data":{"PackingDuration":653.5328718201927,"shipmentId":"SHIP-026","portId":"AS1-port-1"}}
{"simTime":39600.0,"timestamp":"2026-03-01T11:00:00Z","event":"ShipmentReceived","data":{"handlingFlags":[],"shipmentId":"SHIP-027","sortingDirection":"dir-1"}}
{"simTime":39600.0,"timestamp":"2026-03-01T11:00:00Z","event":"ShipmentRouterTriggered","data":{"assignmentsCount":1}}
{"simTime":39606.0,"timestamp":"2026-03-01T11:00:06Z","event":"BinArrivedAtPort","data":{"ean":"ean-1","binId":"bin-as1","shipmentId":"SHIP-027","qty":1,"portId":"AS1-port-1"}}
{"simTime":39631.780639379256,"timestamp":"2026-03-01T11:00:31Z","event":"BinPickCompleted","data":{"binId":"bin-as1","PickDuration":25.780639379254215,"shipmentId":"SHIP-027","portId":"AS1-port-1"}}
{"simTime":39631.780639379256,"timestamp":"2026-03-01T11:00:31Z","event":"ShipmentPacked","data":{"PackingDuration":31.780639379256172,"shipmentId":"SHIP-027","portId":"AS1-port-1"}}
{"simTime":41100.0,"timestamp":"2026-03-01T11:25:00Z","event":"ShipmentReceived","data":{"handlingFlags":[],"shipmentId":"SHIP-028","sortingDirection":"dir-1"}}
{"simTime":41400.0,"timestamp":"2026-03-01T11:30:00Z","event":"ShipmentRouterTriggered","data":{"assignmentsCount":1}}
{"simTime":41406.0,"timestamp":"2026-03-01T11:30:06Z","event":"BinArrivedAtPort","data":{"ean":"ean-2","binId":"bin-as2","shipmentId":"SHIP-028","qty":1,"portId":"AS1-port-1"}}
{"simTime":41431.75857050319,"timestamp":"2026-03-01T11:30:31Z","event":"BinPickCompleted","data":{"binId":"bin-as2","PickDuration":25.75857050318526,"shipmentId":"SHIP-028","portId":"AS1-port-1"}}
{"simTime":41437.75857050319,"timestamp":"2026-03-01T11:30:37Z","event":"BinArrivedAtPort","data":{"ean":"ean-3","binId":"extra-bin-as1","shipmentId":"SHIP-028","qty":1,"portId":"AS1-port-1"}}
{"simTime":41462.17344292349,"timestamp":"2026-03-01T11:31:02Z","event":"BinPickCompleted","data":{"binId":"extra-bin-as1","PickDuration":24.41487242030562,"shipmentId":"SHIP-028","portId":"AS1-port-1"}}
{"simTime":41462.17344292349,"timestamp":"2026-03-01T11:31:02Z","event":"ShipmentPacked","data":{"PackingDuration":362.173442923493,"shipmentId":"SHIP-028","portId":"AS1-port-1"}}
{"simTime":42600.0,"timestamp":"2026-03-01T11:50:00Z","event":"ShipmentReceived","data":{"handlingFlags":[],"shipmentId":"SHIP-029","sortingDirection":"dir-1"}}
{"simTime":43200.0,"timestamp":"2026-03-01T12:00:00Z","event":"ShipmentRouterTriggered","data":{"assignmentsCount":1}}
{"simTime":43206.0,"timestamp":"2026-03-01T12:00:06Z","event":"BinArrivedAtPort","data":{"ean":"ean-1","binId":"bin-as1","shipmentId":"SHIP-029","qty":2,"portId":"AS1-port-1"}}
{"simTime":43259.48507055543,"timestamp":"2026-03-01T12:00:59Z","event":"BinPickCompleted","data":{"binId":"bin-as1","PickDuration":53.485070555430276,"shipmentId":"SHIP-029","portId":"AS1-port-1"}}
{"simTime":43259.48507055543,"timestamp":"2026-03-01T12:00:59Z","event":"ShipmentPacked","data":{"PackingDuration":659.4850705554272,"shipmentId":"SHIP-029","portId":"AS1-port-1"}}
{"simTime":44100.0,"timestamp":"2026-03-01T12:15:00Z","event":"ShipmentReceived","data":{"handlingFlags":[],"shipmentId":"SHIP-030","sortingDirection":"dir-1"}}
{"simTime":44100.0,"timestamp":"2026-03-01T12:15:00Z","event":"ShipmentRouterTriggered","data":{"assignmentsCount":1}}
{"simTime":44106.0,"timestamp":"2026-03-01T12:15:06Z","event":"BinArrivedAtPort","data":{"ean":"ean-3","binId":"extra-bin-as1","shipmentId":"SHIP-030","qty":1,"portId":"AS1-port-1"}}
{"simTime":44134.37433346438,"timestamp":"2026-03-01T12:15:34Z","event":"BinPickCompleted","data":{"binId":"extra-bin-as1","PickDuration":28.374333464382666,"shipmentId":"SHIP-030","portId":"AS1-port-1"}}
{"simTime":44134.37433346438,"timestamp":"2026-03-01T12:15:34Z","event":"ShipmentPacked","data":{"PackingDuration":34.37433346438047,"shipmentId":"SHIP-030","portId":"AS1-port-1"}}
{"simTime":45600.0,"timestamp":"2026-03-01T12:40:00Z","event":"ShipmentReceived","data":{"handlingFlags":[],"shipmentId":"SHIP-031","sortingDirection":"dir-1"}}
{"simTime":45900.0,"timestamp":"2026-03-01T12:45:00Z","event":"ShipmentRouterTriggered","data":{"assignmentsCount":1}}
{"simTime":45906.0,"timestamp":"2026-03-01T12:45:06Z","event":"BinArrivedAtPort","data":{"ean":"ean-2","binId":"bin-as2","shipmentId":"SHIP-031","qty":2,"portId":"AS1-port-1"}}
{"simTime":45958.58220366664,"timestamp":"2026-03-01T12:45:58Z","event":"BinPickCompleted","data":{"binId":"bin-as2","PickDuration":52.58220366664538,"shipmentId":"SHIP-031","portId":"AS1-port-1"}}
{"simTime":45958.58220366664,"timestamp":"2026-03-01T12:45:58Z","event":"ShipmentPacked","data":{"PackingDuration":358.5822036666432,"shipmentId":"SHIP-031","portId":"AS1-port-1"}}
{"simTime":47100.0,"timestamp":"2026-03-01T13:05:00Z","event":"ShipmentReceived","data":{"handlingFlags":[],"shipmentId":"SHIP-032","sortingDirection":"dir-1"}}
{"simTime":47700.0,"timestamp":"2026-03-01T13:15:00Z","event":"ShipmentRouterTriggered","data":{"assignmentsCount":1}}
{"simTime":47706.0,"timestamp":"2026-03-01T13:15:06Z","event":"BinArrivedAtPort","data":{"ean":"ean-1","binId":"bin-as1","shipmentId":"SHIP-032","qty":1,"portId":"AS1-port-1"}}
{"simTime":47735.97755592437,"timestamp":"2026-03-01T13:15:35Z","event":"BinPickCompleted","data":{"binId":"bin-as1","PickDuration":29.977555924374553,"shipmentId":"SHIP-032","portId":"AS1-port-1"}}
{"simTime":47741.97755592437,"timestamp":"2026-03-01T13:15:41Z","event":"BinArrivedAtPort","data":{"ean":"ean-3","binId":"extra-bin-as1","shipmentId":"SHIP-032","qty":1,"portId":"AS1-port-1"}}
{"simTime":47767.807743924255,"timestamp":"2026-03-01T13:16:07Z","event":"BinPickCompleted","data":{"binId":"extra-bin-as1","PickDuration":25.830187999886856,"shipmentId":"SHIP-032","portId":"AS1-port-1"}}
{"simTime":47767.807743924255,"timestamp":"2026-03-01T13:16:07Z","event":"ShipmentPacked","data":{"PackingDuration":667.8077439242552,"shipmentId":"SHIP-032","portId":"AS1-port-1"}}
{"simTime":48600.0,"timestamp":"2026-03-01T13:30:00Z","event":"ShipmentReceived","data":{"handlingFlags":[],"shipmentId":"SHIP-033","sortingDirection":"dir-1"}}
{"simTime":48600.0,"timestamp":"2026-03-01T13:30:00Z","event":"ShipmentRouterTriggered","data":{"assignmentsCount":1}}
{"simTime":48606.0,"timestamp":"2026-03-01T13:30:06Z","event":"BinArrivedAtPort","data":{"ean":"ean-2","binId":"bin-as2","shipmentId":"SHIP-033","qty":1,"portId":"AS1-port-1"}}
{"simTime":48627.139767485816,"timestamp":"2026-03-01T13:30:27Z","event":"BinPickCompleted","data":{"binId":"bin-as2","PickDuration":21.13976748581349,"shipmentId":"SHIP-033","portId":"AS1-port-1"}}
{"simTime":48627.139767485816,"timestamp":"2026-03-01T13:30:27Z","event":"ShipmentPacked","data":{"PackingDuration":27.139767485816265,"shipmentId":"SHIP-033","portId":"AS1-port-1"}}
{"simTime":50100.0,"timestamp":"2026-03-01T13:55:00Z","event":"ShipmentReceived","data":{"handlingFlags":[],"shipmentId":"SHIP-034","sortingDirection":"dir-1"}}
{"simTime":50400.0,"timestamp":"2026-03-01T14:00:00Z","event":"TruckArrived","data":{"onTime":33,"late":0,"sortingDirection":"dir-1","shippedShipments":["SHIP-020","SHIP-021","SHIP-022","SHIP-012","SHIP-013","SHIP-014","SHIP-015","SHIP-016","SHIP-017","SHIP-018","SHIP-019","SHIP-030","SHIP-031","SHIP-010","SHIP-032","SHIP-011","SHIP-033","SHIP-001","SHIP-023","SHIP-002","SHIP-024","SHIP-003","SHIP-025","SHIP-004","SHIP-026","SHIP-005","SHIP-027","SHIP-006","SHIP-028","SHIP-007","SHIP-029","SHIP-008","SHIP-009"],"shippedCount":33}}
{"simTime":50400.0,"timestamp":"2026-03-01T14:00:00Z","event":"ShipmentRouterTriggered","data":{"assignmentsCount":1}}
{"simTime":50406.0,"timestamp":"2026-03-01T14:00:06Z","event":"BinArrivedAtPort","data":{"ean":"ean-1","binId":"bin-as1","shipmentId":"SHIP-034","qty":3,"portId":"AS1-port-1"}}
{"simTime":50474.03647467963,"timestamp":"2026-03-01T14:01:14Z","event":"BinPickCompleted","data":{"binId":"bin-as1","PickDuration":68.03647467962969,"shipmentId":"SHIP-034","portId":"AS1-port-1"}}
{"simTime":50474.03647467963,"timestamp":"2026-03-01T14:01:14Z","event":"ShipmentPacked","data":{"PackingDuration":374.0364746796331,"shipmentId":"SHIP-034","portId":"AS1-port-1"}}
{"simTime":51600.0,"timestamp":"2026-03-01T14:20:00Z","event":"ShipmentReceived","data":{"handlingFlags":[],"shipmentId":"SHIP-035","sortingDirection":"dir-1"}}
{"simTime":52200.0,"timestamp":"2026-03-01T14:30:00Z","event":"ShipmentRouterTriggered","data":{"assignmentsCount":1}}
{"simTime":52206.0,"timestamp":"2026-03-01T14:30:06Z","event":"BinArrivedAtPort","data":{"ean":"ean-3","binId":"extra-bin-as1","shipmentId":"SHIP-035","qty":1,"portId":"AS1-port-1"}}
{"simTime":52230.03584222738,"timestamp":"2026-03-01T14:30:30Z","event":"BinPickCompleted","data":{"binId":"extra-bin-as1","PickDuration":24.035842227378495,"shipmentId":"SHIP-035","portId":"AS1-port-1"}}
{"simTime":52230.03584222738,"timestamp":"2026-03-01T14:30:30Z","event":"ShipmentPacked","data":{"PackingDuration":630.0358422273785,"shipmentId":"SHIP-035","portId":"AS1-port-1"}}
{"simTime":53100.0,"timestamp":"2026-03-01T14:45:00Z","event":"ShipmentReceived","data":{"handlingFlags":[],"shipmentId":"SHIP-036","sortingDirection":"dir-1"}}
{"simTime":53100.0,"timestamp":"2026-03-01T14:45:00Z","event":"ShipmentRouterTriggered","data":{"assignmentsCount":1}}
{"simTime":53106.0,"timestamp":"2026-03-01T14:45:06Z","event":"BinArrivedAtPort","data":{"ean":"ean-1","binId":"bin-as1","shipmentId":"SHIP-036","qty":1,"portId":"AS1-port-1"}}
{"simTime":53132.80386968369,"timestamp":"2026-03-01T14:45:32Z","event":"BinPickCompleted","data":{"binId":"bin-as1","PickDuration":26.803869683690955,"shipmentId":"SHIP-036","portId":"AS1-port-1"}}
{"simTime":53138.80386968369,"timestamp":"2026-03-01T14:45:38Z","event":"BinArrivedAtPort","data":{"ean":"ean-2","binId":"bin-as2","shipmentId":"SHIP-036","qty":1,"portId":"AS1-port-1"}}
{"simTime":53159.46930868509,"timestamp":"2026-03-01T14:45:59Z","event":"BinPickCompleted","data":{"binId":"bin-as2","PickDuration":20.665439001400355,"shipmentId":"SHIP-036","portId":"AS1-port-1"}}
{"simTime":53159.46930868509,"timestamp":"2026-03-01T14:45:59Z","event":"ShipmentPacked","data":{"PackingDuration":59.469308685089345,"shipmentId":"SHIP-036","portId":"AS1-port-1"}}
{"simTime":54600.0,"timestamp":"2026-03-01T15:10:00Z","event":"ShipmentReceived","data":{"handlingFlags":[],"shipmentId":"SHIP-037","sortingDirection":"dir-1"}}
{"simTime":54900.0,"timestamp":"2026-03-01T15:15:00Z","event":"ShipmentRouterTriggered","data":{"assignmentsCount":1}}
{"simTime":54906.0,"timestamp":"2026-03-01T15:15:06Z","event":"BinArrivedAtPort","data":{"ean":"ean-2","binId":"bin-as2","shipmentId":"SHIP-037","qty":2,"portId":"AS1-port-1"}}
{"simTime":54967.167410019916,"timestamp":"2026-03-01T15:16:07Z","event":"BinPickCompleted","data":{"binId":"bin-as2","PickDuration":61.16741001991893,"shipmentId":"SHIP-037","portId":"AS1-port-1"}}
{"simTime":54967.167410019916,"timestamp":"2026-03-01T15:16:07Z","event":"ShipmentPacked","data":{"PackingDuration":367.16741001991613,"shipmentId":"SHIP-037","portId":"AS1-port-1"}}
{"simTime":56100.0,"timestamp":"2026-03-01T15:35:00Z","event":"ShipmentReceived","data":{"handlingFlags":[],"shipmentId":"SHIP-038","sortingDirection":"dir-1"}}
{"simTime":56700.0,"timestamp":"2026-03-01T15:45:00Z","event":"ShipmentRouterTriggered","data":{"assignmentsCount":1}}
{"simTime":56706.0,"timestamp":"2026-03-01T15:45:06Z","event":"BinArrivedAtPort","data":{"ean":"ean-3","binId":"extra-bin-as1","shipmentId":"SHIP-038","qty":2,"portId":"AS1-port-1"}}
{"simTime":56760.9507404736,"timestamp":"2026-03-01T15:46:00Z","event":"BinPickCompleted","data":{"binId":"extra-bin-as1","PickDuration":54.95074047360311,"shipmentId":"SHIP-038","portId":"AS1-port-1"}}
{"simTime":56760.9507404736,"timestamp":"2026-03-01T15:46:00Z","event":"ShipmentPacked","data":{"PackingDuration":660.9507404735996,"shipmentId":"SHIP-038","portId":"AS1-port-1"}}
{"simTime":57600.0,"timestamp":"2026-03-01T16:00:00Z","event":"ShipmentReceived","data":{"handlingFlags":[],"shipmentId":"SHIP-039","sortingDirection":"dir-1"}}
{"simTime":57600.0,"timestamp":"2026-03-01T16:00:00Z","event":"ShipmentRouterTriggered","data":{"assignmentsCount":1}}
{"simTime":57606.0,"timestamp":"2026-03-01T16:00:06Z","event":"BinArrivedAtPort","data":{"ean":"ean-1","binId":"bin-as1","shipmentId":"SHIP-039","qty":1,"portId":"AS1-port-1"}}
{"simTime":57636.19234434237,"timestamp":"2026-03-01T16:00:36Z","event":"BinPickCompleted","data":{"binId":"bin-as1","PickDuration":30.19234434237596,"shipmentId":"SHIP-039","portId":"AS1-port-1"}}
{"simTime":57636.19234434237,"timestamp":"2026-03-01T16:00:36Z","event":"ShipmentPacked","data":{"PackingDuration":36.19234434237296,"shipmentId":"SHIP-039","portId":"AS1-port-1"}}
{"simTime":59100.0,"timestamp":"2026-03-01T16:25:00Z","event":"ShipmentReceived","data":{"handlingFlags":[],"shipmentId":"SHIP-040","sortingDirection":"dir-1"}}
{"simTime":59400.0,"timestamp":"2026-03-01T16:30:00Z","event":"ShipmentRouterTriggered","data":{"assignmentsCount":1}}
{"simTime":59406.0,"timestamp":"2026-03-01T16:30:06Z","event":"BinArrivedAtPort","data":{"ean":"ean-2","binId":"bin-as2","shipmentId":"SHIP-040","qty":1,"portId":"AS1-port-1"}}
{"simTime":59427.33050675792,"timestamp":"2026-03-01T16:30:27Z","event":"BinPickCompleted","data":{"binId":"bin-as2","PickDuration":21.33050675791723,"shipmentId":"SHIP-040","portId":"AS1-port-1"}}
{"simTime":59433.33050675792,"timestamp":"2026-03-01T16:30:33Z","event":"BinArrivedAtPort","data":{"ean":"ean-3","binId":"extra-bin-as1","shipmentId":"SHIP-040","qty":1,"portId":"AS1-port-1"}}
{"simTime":59463.99035225397,"timestamp":"2026-03-01T16:31:03Z","event":"BinPickCompleted","data":{"binId":"extra-bin-as1","PickDuration":30.659845496049673,"shipmentId":"SHIP-040","portId":"AS1-port-1"}}
{"simTime":59463.99035225397,"timestamp":"2026-03-01T16:31:03Z","event":"ShipmentPacked","data":{"PackingDuration":363.990352253968,"shipmentId":"SHIP-040","portId":"AS1-port-1"}}
{"simTime":60600.0,"timestamp":"2026-03-01T16:50:00Z","event":"ShipmentReceived","data":{"handlingFlags":[],"shipmentId":"SHIP-041","sortingDirection":"dir-1"}}
{"simTime":61200.0,"timestamp":"2026-03-01T17:00:00Z","event":"ShipmentRouterTriggered","data":{"assignmentsCount":1}}
{"simTime":61206.0,"timestamp":"2026-03-01T17:00:06Z","event":"BinArrivedAtPort","data":{"ean":"ean-1","binId":"bin-as1","shipmentId":"SHIP-041","qty":2,"portId":"AS1-port-1"}}
{"simTime":61264.469289689594,"timestamp":"2026-03-01T17:01:04Z","event":"BinPickCompleted","data":{"binId":"bin-as1","PickDuration":58.469289689591676,"shipmentId":"SHIP-041","portId":"AS1-port-1"}}
{"simTime":61264.469289689594,"timestamp":"2026-03-01T17:01:04Z","event":"ShipmentPacked","data":{"PackingDuration":664.469289689594,"shipmentId":"SHIP-041","portId":"AS1-port-1"}}
{"simTime":62100.0,"timestamp":"2026-03-01T17:15:00Z","event":"ShipmentReceived","data":{"handlingFlags":[],"shipmentId":"SHIP-042","sortingDirection":"dir-1"}}
{"simTime":62100.0,"timestamp":"2026-03-01T17:15:00Z","event":"ShipmentRouterTriggered","data":{"assignmentsCount":1}}
{"simTime":62106.0,"timestamp":"2026-03-01T17:15:06Z","event":"BinArrivedAtPort","data":{"ean":"ean-2","binId":"bin-as2","shipmentId":"SHIP-042","qty":1,"portId":"AS1-port-1"}}
{"simTime":62128.68425534776,"timestamp":"2026-03-01T17:15:28Z","event":"BinPickCompleted","data":{"binId":"bin-as2","PickDuration":22.684255347765063,"shipmentId":"SHIP-042","portId":"AS1-port-1"}}
{"simTime":62128.68425534776,"timestamp":"2026-03-01T17:15:28Z","event":"ShipmentPacked","data":{"PackingDuration":28.68425534776179,"shipmentId":"SHIP-042","portId":"AS1-port-1"}}
{"simTime":63600.0,"timestamp":"2026-03-01T17:40:00Z","event":"ShipmentReceived","data":{"handlingFlags":[],"shipmentId":"SHIP-043","sortingDirection":"dir-1"}}
{"simTime":63900.0,"timestamp":"2026-03-01T17:45:00Z","event":"ShipmentRouterTriggered","data":{"assignmentsCount":1}}
{"simTime":63906.0,"timestamp":"2026-03-01T17:45:06Z","event":"BinArrivedAtPort","data":{"ean":"ean-3","binId":"extra-bin-as1","shipmentId":"SHIP-043","qty":1,"portId":"AS1-port-1"}}
{"simTime":63936.27889530238,"timestamp":"2026-03-01T17:45:36Z","event":"BinPickCompleted","data":{"binId":"extra-bin-as1","PickDuration":30.278895302378974,"shipmentId":"SHIP-043","portId":"AS1-port-1"}}
{"simTime":63936.27889530238,"timestamp":"2026-03-01T17:45:36Z","event":"ShipmentPacked","data":{"PackingDuration":336.27889530237735,"shipmentId":"SHIP-043","portId":"AS1-port-1"}}
{"simTime":64800.0,"timestamp":"2026-03-01T18:00:00Z","event":"TruckArrived","data":{"onTime":10,"late":0,"sortingDirection":"dir-1","shippedShipments":["SHIP-040","SHIP-041","SHIP-042","SHIP-043","SHIP-034","SHIP-035","SHIP-036","SHIP-037","SHIP-038","SHIP-039"],"shippedCount":10}}
{"simTime":65100.0,"timestamp":"2026-03-01T18:05:00Z","event":"ShipmentReceived","data":{"handlingFlags":[],"shipmentId":"SHIP-044","sortingDirection":"dir-1"}}
{"simTime":65700.0,"timestamp":"2026-03-01T18:15:00Z","event":"ShipmentRouterTriggered","data":{"assignmentsCount":1}}
{"simTime":65706.0,"timestamp":"2026-03-01T18:15:06Z","event":"BinArrivedAtPort","data":{"ean":"ean-1","binId":"bin-as1","shipmentId":"SHIP-044","qty":1,"portId":"AS1-port-1"}}
{"simTime":65729.90131790403,"timestamp":"2026-03-01T18:15:29Z","event":"BinPickCompleted","data":{"binId":"bin-as1","PickDuration":23.901317904034382,"shipmentId":"SHIP-044","portId":"AS1-port-1"}}
{"simTime":65735.90131790403,"timestamp":"2026-03-01T18:15:35Z","event":"BinArrivedAtPort","data":{"ean":"ean-2","binId":"bin-as2","shipmentId":"SHIP-044","qty":1,"portId":"AS1-port-1"}}
{"simTime":65759.82012417434,"timestamp":"2026-03-01T18:15:59Z","event":"BinPickCompleted","data":{"binId":"bin-as2","PickDuration":23.91880627030979,"shipmentId":"SHIP-044","portId":"AS1-port-1"}}
{"simTime":65759.82012417434,"timestamp":"2026-03-01T18:15:59Z","event":"ShipmentPacked","data":{"PackingDuration":659.8201241743373,"shipmentId":"SHIP-044","portId":"AS1-port-1"}}
{"simTime":66600.0,"timestamp":"2026-03-01T18:30:00Z","event":"ShipmentReceived","data":{"handlingFlags":[],"shipmentId":"SHIP-045","sortingDirection":"dir-1"}}
{"simTime":66600.0,"timestamp":"2026-03-01T18:30:00Z","event":"ShipmentRouterTriggered","data":{"assignmentsCount":1}}
{"simTime":66606.0,"timestamp":"2026-03-01T18:30:06Z","event":"BinArrivedAtPort","data":{"ean":"ean-2","binId":"bin-as2","shipmentId":"SHIP-045","qty":2,"portId":"AS1-port-1"}}
{"simTime":66648.9453670621,"timestamp":"2026-03-01T18:30:48Z","event":"BinPickCompleted","data":{"binId":"bin-as2","PickDuration":42.94536706209455,"shipmentId":"SHIP-045","portId":"AS1-port-1"}}
{"simTime":66648.9453670621,"timestamp":"2026-03-01T18:30:48Z","event":"ShipmentPacked","data":{"PackingDuration":48.94536706210056,"shipmentId":"SHIP-045","portId":"AS1-port-1"}}
{"simTime":68100.0,"timestamp":"2026-03-01T18:55:00Z","event":"ShipmentReceived","data":{"handlingFlags":[],"shipmentId":"SHIP-046","sortingDirection":"dir-1"}}
{"simTime":68400.0,"timestamp":"2026-03-01T19:00:00Z","event":"ShipmentRouterTriggered","data":{"assignmentsCount":1}}
{"simTime":68406.0,"timestamp":"2026-03-01T19:00:06Z","event":"BinArrivedAtPort","data":{"ean":"ean-3","binId":"extra-bin-as1","shipmentId":"SHIP-046","qty":2,"portId":"AS1-port-1"}}
{"simTime":68453.18951232183,"timestamp":"2026-03-01T19:00:53Z","event":"BinPickCompleted","data":{"binId":"extra-bin-as1","PickDuration":47.18951232183303,"shipmentId":"SHIP-046","portId":"AS1-port-1"}}
{"simTime":68453.18951232183,"timestamp":"2026-03-01T19:00:53Z","event":"ShipmentPacked","data":{"PackingDuration":353.18951232182735,"shipmentId":"SHIP-046","portId":"AS1-port-1"}}
{"simTime":69600.0,"timestamp":"2026-03-01T19:20:00Z","event":"ShipmentReceived","data":{"handlingFlags":[],"shipmentId":"SHIP-047","sortingDirection":"dir-1"}}
{"simTime":70200.0,"timestamp":"2026-03-01T19:30:00Z","event":"ShipmentRouterTriggered","data":{"assignmentsCount":1}}
{"simTime":70206.0,"timestamp":"2026-03-01T19:30:06Z","event":"BinArrivedAtPort","data":{"ean":"ean-1","binId":"bin-as1","shipmentId":"SHIP-047","qty":1,"portId":"AS1-port-1"}}
{"simTime":70236.31820796932,"timestamp":"2026-03-01T19:30:36Z","event":"BinPickCompleted","data":{"binId":"bin-as1","PickDuration":30.318207969322827,"shipmentId":"SHIP-047","portId":"AS1-port-1"}}
{"simTime":70236.31820796932,"timestamp":"2026-03-01T19:30:36Z","event":"ShipmentPacked","data":{"PackingDuration":636.3182079693215,"shipmentId":"SHIP-047","portId":"AS1-port-1"}}
{"simTime":71100.0,"timestamp":"2026-03-01T19:45:00Z","event":"ShipmentReceived","data":{"handlingFlags":[],"shipmentId":"SHIP-048","sortingDirection":"dir-1"}}
{"simTime":71100.0,"timestamp":"2026-03-01T19:45:00Z","event":"ShipmentRouterTriggered","data":{"assignmentsCount":1}}
{"simTime":71106.0,"timestamp":"2026-03-01T19:45:06Z","event":"BinArrivedAtPort","data":{"ean":"ean-2","binId":"bin-as2","shipmentId":"SHIP-048","qty":1,"portId":"AS1-port-1"}}
{"simTime":71129.6732323302,"timestamp":"2026-03-01T19:45:29Z","event":"BinPickCompleted","data":{"binId":"bin-as2","PickDuration":23.673232330193457,"shipmentId":"SHIP-048","portId":"AS1-port-1"}}
{"simTime":71135.6732323302,"timestamp":"2026-03-01T19:45:35Z","event":"BinArrivedAtPort","data":{"ean":"ean-3","binId":"extra-bin-as1","shipmentId":"SHIP-048","qty":1,"portId":"AS1-port-1"}}
{"simTime":71159.57103477299,"timestamp":"2026-03-01T19:45:59Z","event":"BinPickCompleted","data":{"binId":"extra-bin-as1","PickDuration":23.897802442796863,"shipmentId":"SHIP-048","portId":"AS1-port-1"}}
{"simTime":71159.57103477299,"timestamp":"2026-03-01T19:45:59Z","event":"ShipmentPacked","data":{"PackingDuration":59.57103477299097,"shipmentId":"SHIP-048","portId":"AS1-port-1"}}
{"simTime":72600.0,"timestamp":"2026-03-01T20:10:00Z","event":"ShipmentReceived","data":{"handlingFlags":[],"shipmentId":"SHIP-049","sortingDirection":"dir-1"}}
{"simTime":72900.0,"timestamp":"2026-03-01T20:15:00Z","event":"ShipmentRouterTriggered","data":{"assignmentsCount":1}}
{"simTime":72906.0,"timestamp":"2026-03-01T20:15:06Z","event":"BinArrivedAtPort","data":{"ean":"ean-1","binId":"bin-as1","shipmentId":"SHIP-049","qty":2,"portId":"AS1-port-1"}}
{"simTime":72957.81176621979,"timestamp":"2026-03-01T20:15:57Z","event":"BinPickCompleted","data":{"binId":"bin-as1","PickDuration":51.81176621978734,"shipmentId":"SHIP-049","portId":"AS1-port-1"}}
{"simTime":72957.81176621979,"timestamp":"2026-03-01T20:15:57Z","event":"ShipmentPacked","data":{"PackingDuration":357.811766219791,"shipmentId":"SHIP-049","portId":"AS1-port-1"}}
{"simTime":74100.0,"timestamp":"2026-03-01T20:35:00Z","event":"ShipmentReceived","data":{"handlingFlags":[],"shipmentId":"SHIP-050","sortingDirection":"dir-1"}}
{"simTime":74700.0,"timestamp":"2026-03-01T20:45:00Z","event":"ShipmentRouterTriggered","data":{"assignmentsCount":1}}
{"simTime":74706.0,"timestamp":"2026-03-01T20:45:06Z","event":"BinArrivedAtPort","data":{"ean":"ean-3","binId":"extra-bin-as1","shipmentId":"SHIP-050","qty":1,"portId":"AS1-port-1"}}
{"simTime":74730.25145438102,"timestamp":"2026-03-01T20:45:30Z","event":"BinPickCompleted","data":{"binId":"extra-bin-as1","PickDuration":24.251454381030413,"shipmentId":"SHIP-050","portId":"AS1-port-1"}}
{"simTime":74730.25145438102,"timestamp":"2026-03-01T20:45:30Z","event":"ShipmentPacked","data":{"PackingDuration":630.2514543810248,"shipmentId":"SHIP-050","portId":"AS1-port-1"}}
{"simTime":86340.0,"timestamp":"2026-03-01T23:59:00Z","event":"ShiftClose","data":{"gridId":"AS2"}}
{"simTime":86340.0,"timestamp":"2026-03-01T23:59:00Z","event":"ShiftClose","data":{"gridId":"AS1"}}
{"simTime":86400.0,"timestamp":"2026-03-02T00:00:00Z","event":"ShiftOpen","data":{"shiftEnd":"23:59","gridId":"AS2","shiftStart":"00:00"}}
{"simTime":86400.0,"timestamp":"2026-03-02T00:00:00Z","event":"ShiftOpen","data":{"shiftEnd":"23:59","gridId":"AS1","shiftStart":"00:00"}}
{"simTime":87000.0,"timestamp":"2026-03-02T00:10:00Z","event":"ShipmentReceived","data":{"handlingFlags":[],"shipmentId":"SHIP-051","sortingDirection":"dir-1"}}
{"simTime":87300.0,"timestamp":"2026-03-02T00:15:00Z","event":"ShipmentRouterTriggered","data":{"assignmentsCount":1}}
{"simTime":87306.0,"timestamp":"2026-03-02T00:15:06Z","event":"BinArrivedAtPort","data":{"ean":"ean-1","binId":"bin-as1","shipmentId":"SHIP-051","qty":1,"portId":"AS1-port-1"}}
{"simTime":87327.58876176542,"timestamp":"2026-03-02T00:15:27Z","event":"BinPickCompleted","data":{"binId":"bin-as1","PickDuration":21.58876176541955,"shipmentId":"SHIP-051","portId":"AS1-port-1"}}
{"simTime":87327.58876176542,"timestamp":"2026-03-02T00:15:27Z","event":"ShipmentPacked","data":{"PackingDuration":327.58876176542253,"shipmentId":"SHIP-051","portId":"AS1-port-1"}}
{"simTime":88500.0,"timestamp":"2026-03-02T00:35:00Z","event":"ShipmentReceived","data":{"handlingFlags":[],"shipmentId":"SHIP-052","sortingDirection":"dir-1"}}
{"simTime":89100.0,"timestamp":"2026-03-02T00:45:00Z","event":"ShipmentRouterTriggered","data":{"assignmentsCount":1}}
{"simTime":89106.0,"timestamp":"2026-03-02T00:45:06Z","event":"BinArrivedAtPort","data":{"ean":"ean-2","binId":"bin-as2","shipmentId":"SHIP-052","qty":2,"portId":"AS1-port-1"}}
{"simTime":89163.74575320756,"timestamp":"2026-03-02T00:46:03Z","event":"BinPickCompleted","data":{"binId":"bin-as2","PickDuration":57.745753207567866,"shipmentId":"SHIP-052","portId":"AS1-port-1"}}
{"simTime":89163.74575320756,"timestamp":"2026-03-02T00:46:03Z","event":"ShipmentPacked","data":{"PackingDuration":663.7457532075641,"shipmentId":"SHIP-052","portId":"AS1-port-1"}}
{"simTime":90000.0,"timestamp":"2026-03-02T01:00:00Z","event":"ShipmentReceived","data":{"handlingFlags":[],"shipmentId":"SHIP-053","sortingDirection":"dir-1"}}
{"simTime":90000.0,"timestamp":"2026-03-02T01:00:00Z","event":"ShipmentRouterTriggered","data":{"assignmentsCount":1}}
{"simTime":90006.0,"timestamp":"2026-03-02T01:00:06Z","event":"BinArrivedAtPort","data":{"ean":"ean-3","binId":"extra-bin-as1","shipmentId":"SHIP-053","qty":1,"portId":"AS1-port-1"}}
{"simTime":90030.02672274843,"timestamp":"2026-03-02T01:00:30Z","event":"BinPickCompleted","data":{"binId":"extra-bin-as1","PickDuration":24.026722748429286,"shipmentId":"SHIP-053","portId":"AS1-port-1"}}
{"simTime":90030.02672274843,"timestamp":"2026-03-02T01:00:30Z","event":"ShipmentPacked","data":{"PackingDuration":30.026722748429165,"shipmentId":"SHIP-053","portId":"AS1-port-1"}}
{"simTime":91500.0,"timestamp":"2026-03-02T01:25:00Z","event":"ShipmentReceived","data":{"handlingFlags":[],"shipmentId":"SHIP-054","sortingDirection":"dir-1"}}
{"simTime":91800.0,"timestamp":"2026-03-02T01:30:00Z","event":"ShipmentRouterTriggered","data":{"assignmentsCount":1}}
{"simTime":91806.0,"timestamp":"2026-03-02T01:30:06Z","event":"BinArrivedAtPort","data":{"ean":"ean-1","binId":"bin-as1","shipmentId":"SHIP-054","qty":1,"portId":"AS1-port-1"}}
{"simTime":91831.20961104454,"timestamp":"2026-03-02T01:30:31Z","event":"BinPickCompleted","data":{"binId":"bin-as1","PickDuration":25.20961104453473,"shipmentId":"SHIP-054","portId":"AS1-port-1"}}
{"simTime":91837.20961104454,"timestamp":"2026-03-02T01:30:37Z","event":"BinArrivedAtPort","data":{"ean":"ean-2","binId":"bin-as2","shipmentId":"SHIP-054","qty":1,"portId":"AS1-port-1"}}
{"simTime":91867.38000089725,"timestamp":"2026-03-02T01:31:07Z","event":"BinPickCompleted","data":{"binId":"bin-as2","PickDuration":30.170389852707753,"shipmentId":"SHIP-054","portId":"AS1-port-1"}}
{"simTime":91867.38000089725,"timestamp":"2026-03-02T01:31:07Z","event":"ShipmentPacked","data":{"PackingDuration":367.38000089724665,"shipmentId":"SHIP-054","portId":"AS1-port-1"}}
{"simTime":93000.0,"timestamp":"2026-03-02T01:50:00Z","event":"ShipmentReceived","data":{"handlingFlags":[],"shipmentId":"SHIP-055","sortingDirection":"dir-1"}}
{"simTime":93600.0,"timestamp":"2026-03-02T02:00:00Z","event":"ShipmentRouterTriggered","data":{"assignmentsCount":1}}
{"simTime":93606.0,"timestamp":"2026-03-02T02:00:06Z","event":"BinArrivedAtPort","data":{"ean":"ean-2","binId":"bin-as2","shipmentId":"SHIP-055","qty":1,"portId":"AS1-port-1"}}
{"simTime":93630.74068027953,"timestamp":"2026-03-02T02:00:30Z","event":"BinPickCompleted","data":{"binId":"bin-as2","PickDuration":24.7406802795295,"shipmentId":"SHIP-055","portId":"AS1-port-1"}}
{"simTime":93630.74068027953,"timestamp":"2026-03-02T02:00:30Z","event":"ShipmentPacked","data":{"PackingDuration":630.7406802795304,"shipmentId":"SHIP-055","portId":"AS1-port-1"}}
{"simTime":94500.0,"timestamp":"2026-03-02T02:15:00Z","event":"ShipmentReceived","data":{"handlingFlags":[],"shipmentId":"SHIP-056","sortingDirection":"dir-1"}}
{"simTime":94500.0,"timestamp":"2026-03-02T02:15:00Z","event":"ShipmentRouterTriggered","data":{"assignmentsCount":1}}
{"simTime":94506.0,"timestamp":"2026-03-02T02:15:06Z","event":"BinArrivedAtPort","data":{"ean":"ean-3","binId":"extra-bin-as1","shipmentId":"SHIP-056","qty":2,"portId":"AS1-port-1"}}
{"simTime":94559.63247512293,"timestamp":"2026-03-02T02:15:59Z","event":"BinPickCompleted","data":{"binId":"extra-bin-as1","PickDuration":53.63247512292826,"shipmentId":"SHIP-056","portId":"AS1-port-1"}}
{"simTime":94559.63247512293,"timestamp":"2026-03-02T02:15:59Z","event":"ShipmentPacked","data":{"PackingDuration":59.632475122925825,"shipmentId":"SHIP-056","portId":"AS1-port-1"}}
{"simTime":96000.0,"timestamp":"2026-03-02T02:40:00Z","event":"ShipmentReceived","data":{"handlingFlags":[],"shipmentId":"SHIP-057","sortingDirection":"dir-1"}}
{"simTime":96300.0,"timestamp":"2026-03-02T02:45:00Z","event":"ShipmentRouterTriggered","data":{"assignmentsCount":1}}
{"simTime":96306.0,"timestamp":"2026-03-02T02:45:06Z","event":"BinArrivedAtPort","data":{"ean":"ean-1","binId":"bin-as1","shipmentId":"SHIP-057","qty":1,"portId":"AS1-port-1"}}
{"simTime":96328.71891397494,"timestamp":"2026-03-02T02:45:28Z","event":"BinPickCompleted","data":{"binId":"bin-as1","PickDuration":22.71891397494285,"shipmentId":"SHIP-057","portId":"AS1-port-1"}}
{"simTime":96328.71891397494,"timestamp":"2026-03-02T02:45:28Z","event":"ShipmentPacked","data":{"PackingDuration":328.7189139749389,"shipmentId":"SHIP-057","portId":"AS1-port-1"}}
{"simTime":97500.0,"timestamp":"2026-03-02T03:05:00Z","event":"ShipmentReceived","data":{"handlingFlags":[],"shipmentId":"SHIP-058","sortingDirection":"dir-1"}}
{"simTime":98100.0,"timestamp":"2026-03-02T03:15:00Z","event":"ShipmentRouterTriggered","data":{"assignmentsCount":1}}
{"simTime":98106.0,"timestamp":"2026-03-02T03:15:06Z","event":"BinArrivedAtPort","data":{"ean":"ean-2","binId":"bin-as2","shipmentId":"SHIP-058","qty":1,"portId":"AS1-port-1"}}
{"simTime":98136.41131923978,"timestamp":"2026-03-02T03:15:36Z","event":"BinPickCompleted","data":{"binId":"bin-as2","PickDuration":30.4113192397738,"shipmentId":"SHIP-058","portId":"AS1-port-1"}}
{"simTime":98142.41131923978,"timestamp":"2026-03-02T03:15:42Z","event":"BinArrivedAtPort","data":{"ean":"ean-3","binId":"extra-bin-as1","shipmentId":"SHIP-058","qty":1,"portId":"AS1-port-1"}}
{"simTime":98171.95913735664,"timestamp":"2026-03-02T03:16:11Z","event":"BinPickCompleted","data":{"binId":"extra-bin-as1","PickDuration":29.547818116862363,"shipmentId":"SHIP-058","portId":"AS1-port-1"}}
{"simTime":98171.95913735664,"timestamp":"2026-03-02T03:16:11Z","event":"ShipmentPacked","data":{"PackingDuration":671.9591373566363,"shipmentId":"SHIP-058","portId":"AS1-port-1"}}
{"simTime":99000.0,"timestamp":"2026-03-02T03:30:00Z","event":"ShipmentReceived","data":{"handlingFlags":[],"shipmentId":"SHIP-059","sortingDirection":"dir-1"}}
{"simTime":99000.0,"timestamp":"2026-03-02T03:30:00Z","event":"ShipmentRouterTriggered","data":{"assignmentsCount":1}}
{"simTime":99006.0,"timestamp":"2026-03-02T03:30:06Z","event":"BinArrivedAtPort","data":{"ean":"ean-1","binId":"bin-as1","shipmentId":"SHIP-059","qty":2,"portId":"AS1-port-1"}}
{"simTime":99057.19328133119,"timestamp":"2026-03-02T03:30:57Z","event":"BinPickCompleted","data":{"binId":"bin-as1","PickDuration":51.193281331191386,"shipmentId":"SHIP-059","portId":"AS1-port-1"}}
{"simTime":99057.19328133119,"timestamp":"2026-03-02T03:30:57Z","event":"ShipmentPacked","data":{"PackingDuration":57.19328133118688,"shipmentId":"SHIP-059","portId":"AS1-port-1"}}
{"simTime":100500.0,"timestamp":"2026-03-02T03:55:00Z","event":"ShipmentReceived","data":{"handlingFlags":[],"shipmentId":"SHIP-060","sortingDirection":"dir-1"}}
{"simTime":100800.0,"timestamp":"2026-03-02T04:00:00Z","event":"ShipmentRouterTriggered","data":{"assignmentsCount":1}}
{"simTime":100806.0,"timestamp":"2026-03-02T04:00:06Z","event":"BinArrivedAtPort","data":{"ean":"ean-3","binId":"extra-bin-as1","shipmentId":"SHIP-060","qty":1,"portId":"AS1-port-1"}}
{"simTime":100836.75058745556,"timestamp":"2026-03-02T04:00:36Z","event":"BinPickCompleted","data":{"binId":"extra-bin-as1","PickDuration":30.750587455571274,"shipmentId":"SHIP-060","portId":"AS1-port-1"}}
{"simTime":100836.75058745556,"timestamp":"2026-03-02T04:00:36Z","event":"ShipmentPacked","data":{"PackingDuration":336.7505874555645,"shipmentId":"SHIP-060","portId":"AS1-port-1"}}
{"simTime":102000.0,"timestamp":"2026-03-02T04:20:00Z","event":"ShipmentReceived","data":{"handlingFlags":[],"shipmentId":"SHIP-061","sortingDirection":"dir-1"}}
{"simTime":102600.0,"timestamp":"2026-03-02T04:30:00Z","event":"ShipmentRouterTriggered","data":{"assignmentsCount":1}}
{"simTime":102606.0,"timestamp":"2026-03-02T04:30:06Z","event":"BinArrivedAtPort","data":{"ean":"ean-2","binId":"bin-as2","shipmentId":"SHIP-061","qty":2,"portId":"AS1-port-1"}}
{"simTime":102655.54859782665,"timestamp":"2026-03-02T04:30:55Z","event":"BinPickCompleted","data":{"binId":"bin-as2","PickDuration":49.54859782665707,"shipmentId":"SHIP-061","portId":"AS1-port-1"}}
{"simTime":102655.54859782665,"timestamp":"2026-03-02T04:30:55Z","event":"ShipmentPacked","data":{"PackingDuration":655.5485978266515,"shipmentId":"SHIP-061","portId":"AS1-port-1"}}
{"simTime":103500.0,"timestamp":"2026-03-02T04:45:00Z","event":"ShipmentReceived","data":{"handlingFlags":[],"shipmentId":"SHIP-062","sortingDirection":"dir-1"}}
{"simTime":103500.0,"timestamp":"2026-03-02T04:45:00Z","event":"ShipmentRouterTriggered","data":{"assignmentsCount":1}}
{"simTime":103506.0,"timestamp":"2026-03-02T04:45:06Z","event":"BinArrivedAtPort","data":{"ean":"ean-1","binId":"bin-as1","shipmentId":"SHIP-062","qty":1,"portId":"AS1-port-1"}}
{"simTime":103535.38625375628,"timestamp":"2026-03-02T04:45:35Z","event":"BinPickCompleted","data":{"binId":"bin-as1","PickDuration":29.38625375627885,"shipmentId":"SHIP-062","portId":"AS1-port-1"}}
{"simTime":103541.38625375628,"timestamp":"2026-03-02T04:45:41Z","event":"BinArrivedAtPort","data":{"ean":"ean-3","binId":"extra-bin-as1","shipmentId":"SHIP-062","qty":1,"portId":"AS1-port-1"}}
{"simTime":103562.78603131235,"timestamp":"2026-03-02T04:46:02Z","event":"BinPickCompleted","data":{"binId":"extra-bin-as1","PickDuration":21.39977755607564,"shipmentId":"SHIP-062","portId":"AS1-port-1"}}
{"simTime":103562.78603131235,"timestamp":"2026-03-02T04:46:02Z","event":"ShipmentPacked","data":{"PackingDuration":62.78603131235286,"shipmentId":"SHIP-062","portId":"AS1-port-1"}}
{"simTime":105000.0,"timestamp":"2026-03-02T05:10:00Z","event":"ShipmentReceived","data":{"handlingFlags":[],"shipmentId":"SHIP-063","sortingDirection":"dir-1"}}
{"simTime":105300.0,"timestamp":"2026-03-02T05:15:00Z","event":"ShipmentRouterTriggered","data":{"assignmentsCount":1}}
{"simTime":105306.0,"timestamp":"2026-03-02T05:15:06Z","event":"BinArrivedAtPort","data":{"ean":"ean-2","binId":"bin-as2","shipmentId":"SHIP-063","qty":1,"portId":"AS1-port-1"}}
{"simTime":105333.540429846,"timestamp":"2026-03-02T05:15:33Z","event":"BinPickCompleted","data":{"binId":"bin-as2","PickDuration":27.54042984600168,"shipmentId":"SHIP-063","portId":"AS1-port-1"}}
{"simTime":105333.540429846,"timestamp":"2026-03-02T05:15:33Z","event":"ShipmentPacked","data":{"PackingDuration":333.5404298460053,"shipmentId":"SHIP-063","portId":"AS1-port-1"}}
{"simTime":106500.0,"timestamp":"2026-03-02T05:35:00Z","event":"ShipmentReceived","data":{"handlingFlags":[],"shipmentId":"SHIP-064","sortingDirection":"dir-1"}}
{"simTime":107100.0,"timestamp":"2026-03-02T05:45:00Z","event":"ShipmentRouterTriggered","data":{"assignmentsCount":1}}
{"simTime":107106.0,"timestamp":"2026-03-02T05:45:06Z","event":"BinArrivedAtPort","data":{"ean":"ean-1","binId":"bin-as1","shipmentId":"SHIP-064","qty":3,"portId":"AS1-port-1"}}
{"simTime":107174.67669111623,"timestamp":"2026-03-02T05:46:14Z","event":"BinPickCompleted","data":{"binId":"bin-as1","PickDuration":68.67669111623128,"shipmentId":"SHIP-064","portId":"AS1-port-1"}}
{"simTime":107174.67669111623,"timestamp":"2026-03-02T05:46:14Z","event":"ShipmentPacked","data":{"PackingDuration":674.6766911162267,"shipmentId":"SHIP-064","portId":"AS1-port-1"}}
{"simTime":108000.0,"timestamp":"2026-03-02T06:00:00Z","event":"ShipmentReceived","data":{"handlingFlags":[],"shipmentId":"SHIP-065","sortingDirection":"dir-1"}}
{"simTime":108000.0,"timestamp":"2026-03-02T06:00:00Z","event":"ShipmentRouterTriggered","data":{"assignmentsCount":1}}
{"simTime":108006.0,"timestamp":"2026-03-02T06:00:06Z","event":"BinArrivedAtPort","data":{"ean":"ean-3","binId":"extra-bin-as1","shipmentId":"SHIP-065","qty":1,"portId":"AS1-port-1"}}
{"simTime":108033.29175876277,"timestamp":"2026-03-02T06:00:33Z","event":"BinPickCompleted","data":{"binId":"extra-bin-as1","PickDuration":27.291758762777775,"shipmentId":"SHIP-065","portId":"AS1-port-1"}}
{"simTime":108033.29175876277,"timestamp":"2026-03-02T06:00:33Z","event":"ShipmentPacked","data":{"PackingDuration":33.29175876277441,"shipmentId":"SHIP-065","portId":"AS1-port-1"}}
{"simTime":109500.0,"timestamp":"2026-03-02T06:25:00Z","event":"ShipmentReceived","data":{"handlingFlags":[],"shipmentId":"SHIP-066","sortingDirection":"dir-1"}}
{"simTime":109800.0,"timestamp":"2026-03-02T06:30:00Z","event":"ShipmentRouterTriggered","data":{"assignmentsCount":1}}
{"simTime":109806.0,"timestamp":"2026-03-02T06:30:06Z","event":"BinArrivedAtPort","data":{"ean":"ean-1","binId":"bin-as1","shipmentId":"SHIP-066","qty":1,"portId":"AS1-port-1"}}
{"simTime":109827.26440175872,"timestamp":"2026-03-02T06:30:27Z","event":"BinPickCompleted","data":{"binId":"bin-as1","PickDuration":21.26440175871765,"shipmentId":"SHIP-066","portId":"AS1-port-1"}}
{"simTime":109833.26440175872,"timestamp":"2026-03-02T06:30:33Z","event":"BinArrivedAtPort","data":{"ean":"ean-2","binId":"bin-as2","shipmentId":"SHIP-066","qty":1,"portId":"AS1-port-1"}}
{"simTime":109853.88124853003,"timestamp":"2026-03-02T06:30:53Z","event":"BinPickCompleted","data":{"binId":"bin-as2","PickDuration":20.61684677130981,"shipmentId":"SHIP-066","portId":"AS1-port-1"}}
{"simTime":109853.88124853003,"timestamp":"2026-03-02T06:30:53Z","event":"ShipmentPacked","data":{"PackingDuration":353.88124853002955,"shipmentId":"SHIP-066","portId":"AS1-port-1"}}
{"simTime":111000.0,"timestamp":"2026-03-02T06:50:00Z","event":"ShipmentReceived","data":{"handlingFlags":[],"shipmentId":"SHIP-067","sortingDirection":"dir-1"}}
{"simTime":111600.0,"timestamp":"2026-03-02T07:00:00Z","event":"ShipmentRouterTriggered","data":{"assignmentsCount":1}}
{"simTime":111606.0,"timestamp":"2026-03-02T07:00:06Z","event":"BinArrivedAtPort","data":{"ean":"ean-2","binId":"bin-as2","shipmentId":"SHIP-067","qty":2,"portId":"AS1-port-1"}}
{"simTime":111663.83440383508,"timestamp":"2026-03-02T07:01:03Z","event":"BinPickCompleted","data":{"binId":"bin-as2","PickDuration":57.83440383507411,"shipmentId":"SHIP-067","portId":"AS1-port-1"}}
{"simTime":111663.83440383508,"timestamp":"2026-03-02T07:01:03Z","event":"ShipmentPacked","data":{"PackingDuration":663.834403835077,"shipmentId":"SHIP-067","portId":"AS1-port-1"}}
{"simTime":112500.0,"timestamp":"2026-03-02T07:15:00Z","event":"ShipmentReceived","data":{"handlingFlags":[],"shipmentId":"SHIP-068","sortingDirection":"dir-1"}}
{"simTime":112500.0,"timestamp":"2026-03-02T07:15:00Z","event":"ShipmentRouterTriggered","data":{"assignmentsCount":1}}
{"simTime":112506.0,"timestamp":"2026-03-02T07:15:06Z","event":"BinArrivedAtPort","data":{"ean":"ean-3","binId":"extra-bin-as1","shipmentId":"SHIP-068","qty":2,"portId":"AS1-port-1"}}
{"simTime":112548.41593866395,"timestamp":"2026-03-02T07:15:48Z","event":"BinPickCompleted","data":{"binId":"extra-bin-as1","PickDuration":42.41593866395381,"shipmentId":"SHIP-068","portId":"AS1-port-1"}}
{"simTime":112548.41593866395,"timestamp":"2026-03-02T07:15:48Z","event":"ShipmentPacked","data":{"PackingDuration":48.41593866395124,"shipmentId":"SHIP-068","portId":"AS1-port-1"}}
{"simTime":114000.0,"timestamp":"2026-03-02T07:40:00Z","event":"ShipmentReceived","data":{"handlingFlags":[],"shipmentId":"SHIP-069","sortingDirection":"dir-1"}}
{"simTime":114300.0,"timestamp":"2026-03-02T07:45:00Z","event":"ShipmentRouterTriggered","data":{"assignmentsCount":1}}
{"simTime":114306.0,"timestamp":"2026-03-02T07:45:06Z","event":"BinArrivedAtPort","data":{"ean":"ean-1","binId":"bin-as1","shipmentId":"SHIP-069","qty":1,"portId":"AS1-port-1"}}
{"simTime":114331.22835543452,"timestamp":"2026-03-02T07:45:31Z","event":"BinPickCompleted","data":{"binId":"bin-as1","PickDuration":25.22835543452405,"shipmentId":"SHIP-069","portId":"AS1-port-1"}}
{"simTime":114331.22835543452,"timestamp":"2026-03-02T07:45:31Z","event":"ShipmentPacked","data":{"PackingDuration":331.2283554345195,"shipmentId":"SHIP-069","portId":"AS1-port-1"}}
{"simTime":115500.0,"timestamp":"2026-03-02T08:05:00Z","event":"ShipmentReceived","data":{"handlingFlags":[],"shipmentId":"SHIP-070","sortingDirection":"dir-1"}}
{"simTime":116100.0,"timestamp":"2026-03-02T08:15:00Z","event":"ShipmentRouterTriggered","data":{"assignmentsCount":1}}
{"simTime":116106.0,"timestamp":"2026-03-02T08:15:06Z","event":"BinArrivedAtPort","data":{"ean":"ean-2","binId":"bin-as2","shipmentId":"SHIP-070","qty":1,"portId":"AS1-port-1"}}
{"simTime":116136.3188926993,"timestamp":"2026-03-02T08:15:36Z","event":"BinPickCompleted","data":{"binId":"bin-as2","PickDuration":30.31889269930374,"shipmentId":"SHIP-070","portId":"AS1-port-1"}}
{"simTime":116142.3188926993,"timestamp":"2026-03-02T08:15:42Z","event":"BinArrivedAtPort","data":{"ean":"ean-3","binId":"extra-bin-as1","shipmentId":"SHIP-070","qty":1,"portId":"AS1-port-1"}}
{"simTime":116171.06176900327,"timestamp":"2026-03-02T08:16:11Z","event":"BinPickCompleted","data":{"binId":"extra-bin-as1","PickDuration":28.742876303957548,"shipmentId":"SHIP-070","portId":"AS1-port-1"}}
{"simTime":116171.06176900327,"timestamp":"2026-03-02T08:16:11Z","event":"ShipmentPacked","data":{"PackingDuration":671.0617690032668,"shipmentId":"SHIP-070","portId":"AS1-port-1"}}
{"simTime":117000.0,"timestamp":"2026-03-02T08:30:00Z","event":"ShipmentReceived","data":{"handlingFlags":[],"shipmentId":"SHIP-071","sortingDirection":"dir-1"}}
{"simTime":117000.0,"timestamp":"2026-03-02T08:30:00Z","event":"ShipmentRouterTriggered","data":{"assignmentsCount":1}}
{"simTime":117006.0,"timestamp":"2026-03-02T08:30:06Z","event":"BinArrivedAtPort","data":{"ean":"ean-1","binId":"bin-as1","shipmentId":"SHIP-071","qty":2,"portId":"AS1-port-1"}}
{"simTime":117056.01597616725,"timestamp":"2026-03-02T08:30:56Z","event":"BinPickCompleted","data":{"binId":"bin-as1","PickDuration":50.01597616725613,"shipmentId":"SHIP-071","portId":"AS1-port-1"}}
{"simTime":117056.01597616725,"timestamp":"2026-03-02T08:30:56Z","event":"ShipmentPacked","data":{"PackingDuration":56.01597616725485,"shipmentId":"SHIP-071","portId":"AS1-port-1"}}
{"simTime":118500.0,"timestamp":"2026-03-02T08:55:00Z","event":"ShipmentReceived","data":{"handlingFlags":[],"shipmentId":"SHIP-072","sortingDirection":"dir-1"}}
{"simTime":118800.0,"timestamp":"2026-03-02T09:00:00Z","event":"ShipmentRouterTriggered","data":{"assignmentsCount":1}}
{"simTime":118806.0,"timestamp":"2026-03-02T09:00:06Z","event":"BinArrivedAtPort","data":{"ean":"ean-2","binId":"bin-as2","shipmentId":"SHIP-072","qty":1,"portId":"AS1-port-1"}}
{"simTime":118830.54470720743,"timestamp":"2026-03-02T09:00:30Z","event":"BinPickCompleted","data":{"binId":"bin-as2","PickDuration":24.54470720743155,"shipmentId":"SHIP-072","portId":"AS1-port-1"}}
{"simTime":118830.54470720743,"timestamp":"2026-03-02T09:00:30Z","event":"ShipmentPacked","data":{"PackingDuration":330.5447072074312,"shipmentId":"SHIP-072","portId":"AS1-port-1"}}
{"simTime":120000.0,"timestamp":"2026-03-02T09:20:00Z","event":"ShipmentReceived","data":{"handlingFlags":[],"shipmentId":"SHIP-073","sortingDirection":"dir-1"}}
{"simTime":120600.0,"timestamp":"2026-03-02T09:30:00Z","event":"ShipmentRouterTriggered","data":{"assignmentsCount":1}}
{"simTime":120606.0,"timestamp":"2026-03-02T09:30:06Z","event":"BinArrivedAtPort","data":{"ean":"ean-3","binId":"extra-bin-as1","shipmentId":"SHIP-073","qty":1,"portId":"AS1-port-1"}}
{"simTime":120628.87271401394,"timestamp":"2026-03-02T09:30:28Z","event":"BinPickCompleted","data":{"binId":"extra-bin-as1","PickDuration":22.872714013934416,"shipmentId":"SHIP-073","portId":"AS1-port-1"}}
{"simTime":120628.87271401394,"timestamp":"2026-03-02T09:30:28Z","event":"ShipmentPacked","data":{"PackingDuration":628.8727140139381,"shipmentId":"SHIP-073","portId":"AS1-port-1"}}
{"simTime":121500.0,"timestamp":"2026-03-02T09:45:00Z","event":"ShipmentReceived","data":{"handlingFlags":[],"shipmentId":"SHIP-074","sortingDirection":"dir-1"}}
{"simTime":121500.0,"timestamp":"2026-03-02T09:45:00Z","event":"ShipmentRouterTriggered","data":{"assignmentsCount":1}}
{"simTime":121506.0,"timestamp":"2026-03-02T09:45:06Z","event":"BinArrivedAtPort","data":{"ean":"ean-1","binId":"bin-as1","shipmentId":"SHIP-074","qty":1,"portId":"AS1-port-1"}}
{"simTime":121531.79948755846,"timestamp":"2026-03-02T09:45:31Z","event":"BinPickCompleted","data":{"binId":"bin-as1","PickDuration":25.799487558454707,"shipmentId":"SHIP-074","portId":"AS1-port-1"}}
{"simTime":121537.79948755846,"timestamp":"2026-03-02T09:45:37Z","event":"BinArrivedAtPort","data":{"ean":"ean-2","binId":"bin-as2","shipmentId":"SHIP-074","qty":1,"portId":"AS1-port-1"}}
{"simTime":121565.88394147407,"timestamp":"2026-03-02T09:46:05Z","event":"BinPickCompleted","data":{"binId":"bin-as2","PickDuration":28.08445391561107,"shipmentId":"SHIP-074","portId":"AS1-port-1"}}
{"simTime":121565.88394147407,"timestamp":"2026-03-02T09:46:05Z","event":"ShipmentPacked","data":{"PackingDuration":65.88394147406507,"shipmentId":"SHIP-074","portId":"AS1-port-1"}}
{"simTime":123000.0,"timestamp":"2026-03-02T10:10:00Z","event":"ShipmentReceived","data":{"handlingFlags":[],"shipmentId":"SHIP-075","sortingDirection":"dir-1"}}
{"simTime":123300.0,"timestamp":"2026-03-02T10:15:00Z","event":"ShipmentRouterTriggered","data":{"assignmentsCount":1}}
{"simTime":123306.0,"timestamp":"2026-03-02T10:15:06Z","event":"BinArrivedAtPort","data":{"ean":"ean-2","binId":"bin-as2","shipmentId":"SHIP-075","qty":2,"portId":"AS1-port-1"}}
{"simTime":123352.28616917101,"timestamp":"2026-03-02T10:15:52Z","event":"BinPickCompleted","data":{"binId":"bin-as2","PickDuration":46.286169171015885,"shipmentId":"SHIP-075","portId":"AS1-port-1"}}
{"simTime":123352.28616917101,"timestamp":"2026-03-02T10:15:52Z","event":"ShipmentPacked","data":{"PackingDuration":352.28616917101317,"shipmentId":"SHIP-075","portId":"AS1-port-1"}}
{"simTime":124500.0,"timestamp":"2026-03-02T10:35:00Z","event":"ShipmentReceived","data":{"handlingFlags":[],"shipmentId":"SHIP-076","sortingDirection":"dir-1"}}
{"simTime":125100.0,"timestamp":"2026-03-02T10:45:00Z","event":"ShipmentRouterTriggered","data":{"assignmentsCount":1}}
{"simTime":125106.0,"timestamp":"2026-03-02T10:45:06Z","event":"BinArrivedAtPort","data":{"ean":"ean-3","binId":"extra-bin-as1","shipmentId":"SHIP-076","qty":2,"portId":"AS1-port-1"}}
{"simTime":125158.406099914,"timestamp":"2026-03-02T10:45:58Z","event":"BinPickCompleted","data":{"binId":"extra-bin-as1","PickDuration":52.4060999140061,"shipmentId":"SHIP-076","portId":"AS1-port-1"}}
{"simTime":125158.406099914,"timestamp":"2026-03-02T10:45:58Z","event":"ShipmentPacked","data":{"PackingDuration":658.4060999140056,"shipmentId":"SHIP-076","portId":"AS1-port-1"}}
{"simTime":126000.0,"timestamp":"2026-03-02T11:00:00Z","event":"ShipmentReceived","data":{"handlingFlags":[],"shipmentId":"SHIP-077","sortingDirection":"dir-1"}}
{"simTime":126000.0,"timestamp":"2026-03-02T11:00:00Z","event":"ShipmentRouterTriggered","data":{"assignmentsCount":1}}
{"simTime":126006.0,"timestamp":"2026-03-02T11:00:06Z","event":"BinArrivedAtPort","data":{"ean":"ean-1","binId":"bin-as1","shipmentId":"SHIP-077","qty":1,"portId":"AS1-port-1"}}
{"simTime":126032.91645336463,"timestamp":"2026-03-02T11:00:32Z","event":"BinPickCompleted","data":{"binId":"bin-as1","PickDuration":26.916453364620743,"shipmentId":"SHIP-077","portId":"AS1-port-1"}}
{"simTime":126032.91645336463,"timestamp":"2026-03-02T11:00:32Z","event":"ShipmentPacked","data":{"PackingDuration":32.91645336462534,"shipmentId":"SHIP-077","portId":"AS1-port-1"}}
{"simTime":127500.0,"timestamp":"2026-03-02T11:25:00Z","event":"ShipmentReceived","data":{"handlingFlags":[],"shipmentId":"SHIP-078","sortingDirection":"dir-1"}}
{"simTime":127800.0,"timestamp":"2026-03-02T11:30:00Z","event":"ShipmentRouterTriggered","data":{"assignmentsCount":1}}
{"simTime":127806.0,"timestamp":"2026-03-02T11:30:06Z","event":"BinArrivedAtPort","data":{"ean":"ean-2","binId":"bin-as2","shipmentId":"SHIP-078","qty":1,"portId":"AS1-port-1"}}
{"simTime":127829.43082184759,"timestamp":"2026-03-02T11:30:29Z","event":"BinPickCompleted","data":{"binId":"bin-as2","PickDuration":23.430821847594526,"shipmentId":"SHIP-078","portId":"AS1-port-1"}}
{"simTime":127835.43082184759,"timestamp":"2026-03-02T11:30:35Z","event":"BinArrivedAtPort","data":{"ean":"ean-3","binId":"extra-bin-as1","shipmentId":"SHIP-078","qty":1,"portId":"AS1-port-1"}}
{"simTime":127862.45902617203,"timestamp":"2026-03-02T11:31:02Z","event":"BinPickCompleted","data":{"binId":"extra-bin-as1","PickDuration":27.02820432443231,"shipmentId":"SHIP-078","portId":"AS1-port-1"}}
{"simTime":127862.45902617203,"timestamp":"2026-03-02T11:31:02Z","event":"ShipmentPacked","data":{"PackingDuration":362.45902617202955,"shipmentId":"SHIP-078","portId":"AS1-port-1"}}
{"simTime":129000.0,"timestamp":"2026-03-02T11:50:00Z","event":"ShipmentReceived","data":{"handlingFlags":[],"shipmentId":"SHIP-079","sortingDirection":"dir-1"}}
{"simTime":129600.0,"timestamp":"2026-03-02T12:00:00Z","event":"ShipmentRouterTriggered","data":{"assignmentsCount":1}}
{"simTime":129606.0,"timestamp":"2026-03-02T12:00:06Z","event":"BinArrivedAtPort","data":{"ean":"ean-1","binId":"bin-as1","shipmentId":"SHIP-079","qty":2,"portId":"AS1-port-1"}}
{"simTime":129657.60083168582,"timestamp":"2026-03-02T12:00:57Z","event":"BinPickCompleted","data":{"binId":"bin-as1","PickDuration":51.60083168582529,"shipmentId":"SHIP-079","portId":"AS1-port-1"}}
{"simTime":129657.60083168582,"timestamp":"2026-03-02T12:00:57Z","event":"ShipmentPacked","data":{"PackingDuration":657.6008316858206,"shipmentId":"SHIP-079","portId":"AS1-port-1"}}
{"simTime":130500.0,"timestamp":"2026-03-02T12:15:00Z","event":"ShipmentReceived","data":{"handlingFlags":[],"shipmentId":"SHIP-080","sortingDirection":"dir-1"}}
{"simTime":130500.0,"timestamp":"2026-03-02T12:15:00Z","event":"ShipmentRouterTriggered","data":{"assignmentsCount":1}}
{"simTime":130506.0,"timestamp":"2026-03-02T12:15:06Z","event":"BinArrivedAtPort","data":{"ean":"ean-3","binId":"extra-bin-as1","shipmentId":"SHIP-080","qty":1,"portId":"AS1-port-1"}}
{"simTime":130534.57909513927,"timestamp":"2026-03-02T12:15:34Z","event":"BinPickCompleted","data":{"binId":"extra-bin-as1","PickDuration":28.579095139263675,"shipmentId":"SHIP-080","portId":"AS1-port-1"}}
{"simTime":130534.57909513927,"timestamp":"2026-03-02T12:15:34Z","event":"ShipmentPacked","data":{"PackingDuration":34.579095139270066,"shipmentId":"SHIP-080","portId":"AS1-port-1"}}
{"simTime":132000.0,"timestamp":"2026-03-02T12:40:00Z","event":"ShipmentReceived","data":{"handlingFlags":[],"shipmentId":"SHIP-081","sortingDirection":"dir-1"}}
{"simTime":132300.0,"timestamp":"2026-03-02T12:45:00Z","event":"ShipmentRouterTriggered","data":{"assignmentsCount":1}}
{"simTime":132306.0,"timestamp":"2026-03-02T12:45:06Z","event":"BinArrivedAtPort","data":{"ean":"ean-2","binId":"bin-as2","shipmentId":"SHIP-081","qty":2,"portId":"AS1-port-1"}}
{"simTime":132359.168294186,"timestamp":"2026-03-02T12:45:59Z","event":"BinPickCompleted","data":{"binId":"bin-as2","PickDuration":53.168294186012865,"shipmentId":"SHIP-081","portId":"AS1-port-1"}}
{"simTime":132359.168294186,"timestamp":"2026-03-02T12:45:59Z","event":"ShipmentPacked","data":{"PackingDuration":359.16829418600537,"shipmentId":"SHIP-081","portId":"AS1-port-1"}}
{"simTime":133500.0,"timestamp":"2026-03-02T13:05:00Z","event":"ShipmentReceived","data":{"handlingFlags":[],"shipmentId":"SHIP-082","sortingDirection":"dir-1"}}
{"simTime":134100.0,"timestamp":"2026-03-02T13:15:00Z","event":"ShipmentRouterTriggered","data":{"assignmentsCount":1}}
{"simTime":134106.0,"timestamp":"2026-03-02T13:15:06Z","event":"BinArrivedAtPort","data":{"ean":"ean-1","binId":"bin-as1","shipmentId":"SHIP-082","qty":1,"portId":"AS1-port-1"}}
{"simTime":134131.87121350982,"timestamp":"2026-03-02T13:15:31Z","event":"BinPickCompleted","data":{"binId":"bin-as1","PickDuration":25.871213509813572,"shipmentId":"SHIP-082","portId":"AS1-port-1"}}
{"simTime":134137.87121350982,"timestamp":"2026-03-02T13:15:37Z","event":"BinArrivedAtPort","data":{"ean":"ean-3","binId":"extra-bin-as1","shipmentId":"SHIP-082","qty":1,"portId":"AS1-port-1"}}
{"simTime":134164.87263744636,"timestamp":"2026-03-02T13:16:04Z","event":"BinPickCompleted","data":{"binId":"extra-bin-as1","PickDuration":27.001423936547777,"shipmentId":"SHIP-082","portId":"AS1-port-1"}}
{"simTime":134164.87263744636,"timestamp":"2026-03-02T13:16:04Z","event":"ShipmentPacked","data":{"PackingDuration":664.8726374463586,"shipmentId":"SHIP-082","portId":"AS1-port-1"}}
{"simTime":135000.0,"timestamp":"2026-03-02T13:30:00Z","event":"ShipmentReceived","data":{"handlingFlags":[],"shipmentId":"SHIP-083","sortingDirection":"dir-1"}}
{"simTime":135000.0,"timestamp":"2026-03-02T13:30:00Z","event":"ShipmentRouterTriggered","data":{"assignmentsCount":1}}
{"simTime":135006.0,"timestamp":"2026-03-02T13:30:06Z","event":"BinArrivedAtPort","data":{"ean":"ean-2","binId":"bin-as2","shipmentId":"SHIP-083","qty":1,"portId":"AS1-port-1"}}
{"simTime":135031.63027845786,"timestamp":"2026-03-02T13:30:31Z","event":"BinPickCompleted","data":{"binId":"bin-as2","PickDuration":25.630278457853898,"shipmentId":"SHIP-083","portId":"AS1-port-1"}}
{"simTime":135031.63027845786,"timestamp":"2026-03-02T13:30:31Z","event":"ShipmentPacked","data":{"PackingDuration":31.630278457858367,"shipmentId":"SHIP-083","portId":"AS1-port-1"}}
{"simTime":136500.0,"timestamp":"2026-03-02T13:55:00Z","event":"ShipmentReceived","data":{"handlingFlags":[],"shipmentId":"SHIP-084","sortingDirection":"dir-1"}}
{"simTime":136800.0,"timestamp":"2026-03-02T14:00:00Z","event":"TruckArrived","data":{"onTime":40,"late":0,"sortingDirection":"dir-1","shippedShipments":["SHIP-060","SHIP-061","SHIP-062","SHIP-063","SHIP-064","SHIP-065","SHIP-066","SHIP-056","SHIP-057","SHIP-058","SHIP-059","SHIP-070","SHIP-071","SHIP-072","SHIP-073","SHIP-074","SHIP-075","SHIP-076","SHIP-077","SHIP-067","SHIP-068","SHIP-069","SHIP-080","SHIP-081","SHIP-082","SHIP-083","SHIP-044","SHIP-078","SHIP-079","SHIP-050","SHIP-051","SHIP-052","SHIP-053","SHIP-054","SHIP-055","SHIP-045","SHIP-046","SHIP-047","SHIP-048","SHIP-049"],"shippedCount":40}}
{"simTime":136800.0,"timestamp":"2026-03-02T14:00:00Z","event":"ShipmentRouterTriggered","data":{"assignmentsCount":1}}
{"simTime":136806.0,"timestamp":"2026-03-02T14:00:06Z","event":"BinArrivedAtPort","data":{"ean":"ean-1","binId":"bin-as1","shipmentId":"SHIP-084","qty":3,"portId":"AS1-port-1"}}
{"simTime":136886.56305767337,"timestamp":"2026-03-02T14:01:26Z","event":"BinPickCompleted","data":{"binId":"bin-as1","PickDuration":80.56305767337525,"shipmentId":"SHIP-084","portId":"AS1-port-1"}}
{"simTime":136886.56305767337,"timestamp":"2026-03-02T14:01:26Z","event":"ShipmentPacked","data":{"PackingDuration":386.56305767336744,"shipmentId":"SHIP-084","portId":"AS1-port-1"}}
{"simTime":138000.0,"timestamp":"2026-03-02T14:20:00Z","event":"ShipmentReceived","data":{"handlingFlags":[],"shipmentId":"SHIP-085","sortingDirection":"dir-1"}}
{"simTime":138600.0,"timestamp":"2026-03-02T14:30:00Z","event":"ShipmentRouterTriggered","data":{"assignmentsCount":1}}
{"simTime":138606.0,"timestamp":"2026-03-02T14:30:06Z","event":"BinArrivedAtPort","data":{"ean":"ean-3","binId":"extra-bin-as1","shipmentId":"SHIP-085","qty":1,"portId":"AS1-port-1"}}
{"simTime":138628.0773582671,"timestamp":"2026-03-02T14:30:28Z","event":"BinPickCompleted","data":{"binId":"extra-bin-as1","PickDuration":22.077358267100557,"shipmentId":"SHIP-085","portId":"AS1-port-1"}}
{"simTime":138628.0773582671,"timestamp":"2026-03-02T14:30:28Z","event":"ShipmentPacked","data":{"PackingDuration":628.0773582670954,"shipmentId":"SHIP-085","portId":"AS1-port-1"}}
{"simTime":139500.0,"timestamp":"2026-03-02T14:45:00Z","event":"ShipmentReceived","data":{"handlingFlags":[],"shipmentId":"SHIP-086","sortingDirection":"dir-1"}}
{"simTime":139500.0,"timestamp":"2026-03-02T14:45:00Z","event":"ShipmentRouterTriggered","data":{"assignmentsCount":1}}
{"simTime":139506.0,"timestamp":"2026-03-02T14:45:06Z","event":"BinArrivedAtPort","data":{"ean":"ean-1","binId":"bin-as1","shipmentId":"SHIP-086","qty":1,"portId":"AS1-port-1"}}
{"simTime":139530.5408195873,"timestamp":"2026-03-02T14:45:30Z","event":"BinPickCompleted","data":{"binId":"bin-as1","PickDuration":24.540819587306952,"shipmentId":"SHIP-086","portId":"AS1-port-1"}}
{"simTime":139536.5408195873,"timestamp":"2026-03-02T14:45:36Z","event":"BinArrivedAtPort","data":{"ean":"ean-2","binId":"bin-as2","shipmentId":"SHIP-086","qty":1,"portId":"AS1-port-1"}}
{"simTime":139560.19722704953,"timestamp":"2026-03-02T14:46:00Z","event":"BinPickCompleted","data":{"binId":"bin-as2","PickDuration":23.65640746223863,"shipmentId":"SHIP-086","portId":"AS1-port-1"}}
{"simTime":139560.19722704953,"timestamp":"2026-03-02T14:46:00Z","event":"ShipmentPacked","data":{"PackingDuration":60.19722704953165,"shipmentId":"SHIP-086","portId":"AS1-port-1"}}
{"simTime":141000.0,"timestamp":"2026-03-02T15:10:00Z","event":"ShipmentReceived","data":{"handlingFlags":[],"shipmentId":"SHIP-087","sortingDirection":"dir-1"}}
{"simTime":141300.0,"timestamp":"2026-03-02T15:15:00Z","event":"ShipmentRouterTriggered","data":{"assignmentsCount":1}}
{"simTime":141306.0,"timestamp":"2026-03-02T15:15:06Z","event":"BinArrivedAtPort","data":{"ean":"ean-2","binId":"bin-as2","shipmentId":"SHIP-087","qty":2,"portId":"AS1-port-1"}}
{"simTime":141360.13929042537,"timestamp":"2026-03-02T15:16:00Z","event":"BinPickCompleted","data":{"binId":"bin-as2","PickDuration":54.13929042537339,"shipmentId":"SHIP-087","portId":"AS1-port-1"}}
{"simTime":141360.13929042537,"timestamp":"2026-03-02T15:16:00Z","event":"ShipmentPacked","data":{"PackingDuration":360.1392904253735,"shipmentId":"SHIP-087","portId":"AS1-port-1"}}
{"simTime":142500.0,"timestamp":"2026-03-02T15:35:00Z","event":"ShipmentReceived","data":{"handlingFlags":[],"shipmentId":"SHIP-088","sortingDirection":"dir-1"}}
{"simTime":143100.0,"timestamp":"2026-03-02T15:45:00Z","event":"ShipmentRouterTriggered","data":{"assignmentsCount":1}}
{"simTime":143106.0,"timestamp":"2026-03-02T15:45:06Z","event":"BinArrivedAtPort","data":{"ean":"ean-3","binId":"extra-bin-as1","shipmentId":"SHIP-088","qty":2,"portId":"AS1-port-1"}}
{"simTime":143149.35422614805,"timestamp":"2026-03-02T15:45:49Z","event":"BinPickCompleted","data":{"binId":"extra-bin-as1","PickDuration":43.35422614805307,"shipmentId":"SHIP-088","portId":"AS1-port-1"}}
{"simTime":143149.35422614805,"timestamp":"2026-03-02T15:45:49Z","event":"ShipmentPacked","data":{"PackingDuration":649.354226148047,"shipmentId":"SHIP-088","portId":"AS1-port-1"}}
{"simTime":144000.0,"timestamp":"2026-03-02T16:00:00Z","event":"ShipmentReceived","data":{"handlingFlags":[],"shipmentId":"SHIP-089","sortingDirection":"dir-1"}}
{"simTime":144000.0,"timestamp":"2026-03-02T16:00:00Z","event":"ShipmentRouterTriggered","data":{"assignmentsCount":1}}
{"simTime":144006.0,"timestamp":"2026-03-02T16:00:06Z","event":"BinArrivedAtPort","data":{"ean":"ean-1","binId":"bin-as1","shipmentId":"SHIP-089","qty":1,"portId":"AS1-port-1"}}
{"simTime":144035.3420585517,"timestamp":"2026-03-02T16:00:35Z","event":"BinPickCompleted","data":{"binId":"bin-as1","PickDuration":29.342058551695896,"shipmentId":"SHIP-089","portId":"AS1-port-1"}}
{"simTime":144035.3420585517,"timestamp":"2026-03-02T16:00:35Z","event":"ShipmentPacked","data":{"PackingDuration":35.342058551701484,"shipmentId":"SHIP-089","portId":"AS1-port-1"}}
{"simTime":145500.0,"timestamp":"2026-03-02T16:25:00Z","event":"ShipmentReceived","data":{"handlingFlags":[],"shipmentId":"SHIP-090","sortingDirection":"dir-1"}}
{"simTime":145800.0,"timestamp":"2026-03-02T16:30:00Z","event":"ShipmentRouterTriggered","data":{"assignmentsCount":1}}
{"simTime":145806.0,"timestamp":"2026-03-02T16:30:06Z","event":"BinArrivedAtPort","data":{"ean":"ean-2","binId":"bin-as2","shipmentId":"SHIP-090","qty":1,"portId":"AS1-port-1"}}
{"simTime":145830.09296292654,"timestamp":"2026-03-02T16:30:30Z","event":"BinPickCompleted","data":{"binId":"bin-as2","PickDuration":24.09296292653828,"shipmentId":"SHIP-090","portId":"AS1-port-1"}}
{"simTime":145836.09296292654,"timestamp":"2026-03-02T16:30:36Z","event":"BinArrivedAtPort","data":{"ean":"ean-3","binId":"extra-bin-as1","shipmentId":"SHIP-090","qty":1,"portId":"AS1-port-1"}}
{"simTime":145865.00111153466,"timestamp":"2026-03-02T16:31:05Z","event":"BinPickCompleted","data":{"binId":"extra-bin-as1","PickDuration":28.908148608124485,"shipmentId":"SHIP-090","portId":"AS1-port-1"}}
{"simTime":145865.00111153466,"timestamp":"2026-03-02T16:31:05Z","event":"ShipmentPacked","data":{"PackingDuration":365.00111153465696,"shipmentId":"SHIP-090","portId":"AS1-port-1"}}
{"simTime":147000.0,"timestamp":"2026-03-02T16:50:00Z","event":"ShipmentReceived","data":{"handlingFlags":[],"shipmentId":"SHIP-091","sortingDirection":"dir-1"}}
{"simTime":147600.0,"timestamp":"2026-03-02T17:00:00Z","event":"ShipmentRouterTriggered","data":{"assignmentsCount":1}}
{"simTime":147606.0,"timestamp":"2026-03-02T17:00:06Z","event":"BinArrivedAtPort","data":{"ean":"ean-1","binId":"bin-as1","shipmentId":"SHIP-091","qty":2,"portId":"AS1-port-1"}}
{"simTime":147667.54590260168,"timestamp":"2026-03-02T17:01:07Z","event":"BinPickCompleted","data":{"binId":"bin-as1","PickDuration":61.54590260169032,"shipmentId":"SHIP-091","portId":"AS1-port-1"}}
{"simTime":147667.54590260168,"timestamp":"2026-03-02T17:01:07Z","event":"ShipmentPacked","data":{"PackingDuration":667.5459026016761,"shipmentId":"SHIP-091","portId":"AS1-port-1"}}
{"simTime":148500.0,"timestamp":"2026-03-02T17:15:00Z","event":"ShipmentReceived","data":{"handlingFlags":[],"shipmentId":"SHIP-092","sortingDirection":"dir-1"}}
{"simTime":148500.0,"timestamp":"2026-03-02T17:15:00Z","event":"ShipmentRouterTriggered","data":{"assignmentsCount":1}}
{"simTime":148506.0,"timestamp":"2026-03-02T17:15:06Z","event":"BinArrivedAtPort","data":{"ean":"ean-2","binId":"bin-as2","shipmentId":"SHIP-092","qty":1,"portId":"AS1-port-1"}}
{"simTime":148533.94294856486,"timestamp":"2026-03-02T17:15:33Z","event":"BinPickCompleted","data":{"binId":"bin-as2","PickDuration":27.942948564852948,"shipmentId":"SHIP-092","portId":"AS1-port-1"}}
{"simTime":148533.94294856486,"timestamp":"2026-03-02T17:15:33Z","event":"ShipmentPacked","data":{"PackingDuration":33.94294856485794,"shipmentId":"SHIP-092","portId":"AS1-port-1"}}
{"simTime":150000.0,"timestamp":"2026-03-02T17:40:00Z","event":"ShipmentReceived","data":{"handlingFlags":[],"shipmentId":"SHIP-093","sortingDirection":"dir-1"}}
{"simTime":150300.0,"timestamp":"2026-03-02T17:45:00Z","event":"ShipmentRouterTriggered","data":{"assignmentsCount":1}}
{"simTime":150306.0,"timestamp":"2026-03-02T17:45:06Z","event":"BinArrivedAtPort","data":{"ean":"ean-3","binId":"extra-bin-as1","shipmentId":"SHIP-093","qty":1,"portId":"AS1-port-1"}}
{"simTime":150335.20196396584,"timestamp":"2026-03-02T17:45:35Z","event":"BinPickCompleted","data":{"binId":"extra-bin-as1","PickDuration":29.201963965824746,"shipmentId":"SHIP-093","portId":"AS1-port-1"}}
{"simTime":150335.20196396584,"timestamp":"2026-03-02T17:45:35Z","event":"ShipmentPacked","data":{"PackingDuration":335.20196396583924,"shipmentId":"SHIP-093","portId":"AS1-port-1"}}
{"simTime":151200.0,"timestamp":"2026-03-02T18:00:00Z","event":"TruckArrived","data":{"onTime":10,"late":0,"sortingDirection":"dir-1","shippedShipments":["SHIP-084","SHIP-085","SHIP-086","SHIP-087","SHIP-088","SHIP-090","SHIP-091","SHIP-092","SHIP-093","SHIP-089"],"shippedCount":10}}
{"simTime":151500.0,"timestamp":"2026-03-02T18:05:00Z","event":"ShipmentReceived","data":{"handlingFlags":[],"shipmentId":"SHIP-094","sortingDirection":"dir-1"}}
{"simTime":152100.0,"timestamp":"2026-03-02T18:15:00Z","event":"ShipmentRouterTriggered","data":{"assignmentsCount":1}}
{"simTime":152106.0,"timestamp":"2026-03-02T18:15:06Z","event":"BinArrivedAtPort","data":{"ean":"ean-1","binId":"bin-as1","shipmentId":"SHIP-094","qty":1,"portId":"AS1-port-1"}}
{"simTime":152132.04765370177,"timestamp":"2026-03-02T18:15:32Z","event":"BinPickCompleted","data":{"binId":"bin-as1","PickDuration":26.047653701770354,"shipmentId":"SHIP-094","portId":"AS1-port-1"}}
{"simTime":152138.04765370177,"timestamp":"2026-03-02T18:15:38Z","event":"BinArrivedAtPort","data":{"ean":"ean-2","binId":"bin-as2","shipmentId":"SHIP-094","qty":1,"portId":"AS1-port-1"}}
{"simTime":152165.88520021582,"timestamp":"2026-03-02T18:16:05Z","event":"BinPickCompleted","data":{"binId":"bin-as2","PickDuration":27.83754651405413,"shipmentId":"SHIP-094","portId":"AS1-port-1"}}
{"simTime":152165.88520021582,"timestamp":"2026-03-02T18:16:05Z","event":"ShipmentPacked","data":{"PackingDuration":665.8852002158237,"shipmentId":"SHIP-094","portId":"AS1-port-1"}}
{"simTime":153000.0,"timestamp":"2026-03-02T18:30:00Z","event":"ShipmentReceived","data":{"handlingFlags":[],"shipmentId":"SHIP-095","sortingDirection":"dir-1"}}
{"simTime":153000.0,"timestamp":"2026-03-02T18:30:00Z","event":"ShipmentRouterTriggered","data":{"assignmentsCount":1}}
{"simTime":153006.0,"timestamp":"2026-03-02T18:30:06Z","event":"BinArrivedAtPort","data":{"ean":"ean-2","binId":"bin-as2","shipmentId":"SHIP-095","qty":2,"portId":"AS1-port-1"}}
{"simTime":153057.97940818273,"timestamp":"2026-03-02T18:30:57Z","event":"BinPickCompleted","data":{"binId":"bin-as2","PickDuration":51.97940818271695,"shipmentId":"SHIP-095","portId":"AS1-port-1"}}
{"simTime":153057.97940818273,"timestamp":"2026-03-02T18:30:57Z","event":"ShipmentPacked","data":{"PackingDuration":57.97940818272764,"shipmentId":"SHIP-095","portId":"AS1-port-1"}}
{"simTime":154500.0,"timestamp":"2026-03-02T18:55:00Z","event":"ShipmentReceived","data":{"handlingFlags":[],"shipmentId":"SHIP-096","sortingDirection":"dir-1"}}
{"simTime":154800.0,"timestamp":"2026-03-02T19:00:00Z","event":"ShipmentRouterTriggered","data":{"assignmentsCount":1}}
{"simTime":154806.0,"timestamp":"2026-03-02T19:00:06Z","event":"BinArrivedAtPort","data":{"ean":"ean-3","binId":"extra-bin-as1","shipmentId":"SHIP-096","qty":2,"portId":"AS1-port-1"}}
{"simTime":154856.73898199023,"timestamp":"2026-03-02T19:00:56Z","event":"BinPickCompleted","data":{"binId":"extra-bin-as1","PickDuration":50.73898199024384,"shipmentId":"SHIP-096","portId":"AS1-port-1"}}
{"simTime":154856.73898199023,"timestamp":"2026-03-02T19:00:56Z","event":"ShipmentPacked","data":{"PackingDuration":356.73898199023097,"shipmentId":"SHIP-096","portId":"AS1-port-1"}}
{"simTime":156000.0,"timestamp":"2026-03-02T19:20:00Z","event":"ShipmentReceived","data":{"handlingFlags":[],"shipmentId":"SHIP-097","sortingDirection":"dir-1"}}
{"simTime":156600.0,"timestamp":"2026-03-02T19:30:00Z","event":"ShipmentRouterTriggered","data":{"assignmentsCount":1}}
{"simTime":156606.0,"timestamp":"2026-03-02T19:30:06Z","event":"BinArrivedAtPort","data":{"ean":"ean-1","binId":"bin-as1","shipmentId":"SHIP-097","qty":1,"portId":"AS1-port-1"}}
{"simTime":156631.9915004238,"timestamp":"2026-03-02T19:30:31Z","event":"BinPickCompleted","data":{"binId":"bin-as1","PickDuration":25.991500423819375,"shipmentId":"SHIP-097","portId":"AS1-port-1"}}
{"simTime":156631.9915004238,"timestamp":"2026-03-02T19:30:31Z","event":"ShipmentPacked","data":{"PackingDuration":631.9915004238137,"shipmentId":"SHIP-097","portId":"AS1-port-1"}}
{"simTime":157500.0,"timestamp":"2026-03-02T19:45:00Z","event":"ShipmentReceived","data":{"handlingFlags":[],"shipmentId":"SHIP-098","sortingDirection":"dir-1"}}
{"simTime":157500.0,"timestamp":"2026-03-02T19:45:00Z","event":"ShipmentRouterTriggered","data":{"assignmentsCount":1}}
{"simTime":157506.0,"timestamp":"2026-03-02T19:45:06Z","event":"BinArrivedAtPort","data":{"ean":"ean-2","binId":"bin-as2","shipmentId":"SHIP-098","qty":1,"portId":"AS1-port-1"}}
{"simTime":157533.6156744872,"timestamp":"2026-03-02T19:45:33Z","event":"BinPickCompleted","data":{"binId":"bin-as2","PickDuration":27.615674487207286,"shipmentId":"SHIP-098","portId":"AS1-port-1"}}
{"simTime":157539.6156744872,"timestamp":"2026-03-02T19:45:39Z","event":"BinArrivedAtPort","data":{"ean":"ean-3","binId":"extra-bin-as1","shipmentId":"SHIP-098","qty":1,"portId":"AS1-port-1"}}
{"simTime":157562.06383848225,"timestamp":"2026-03-02T19:46:02Z","event":"BinPickCompleted","data":{"binId":"extra-bin-as1","PickDuration":22.44816399505262,"shipmentId":"SHIP-098","portId":"AS1-port-1"}}
{"simTime":157562.06383848225,"timestamp":"2026-03-02T19:46:02Z","event":"ShipmentPacked","data":{"PackingDuration":62.06383848225232,"shipmentId":"SHIP-098","portId":"AS1-port-1"}}
{"simTime":159000.0,"timestamp":"2026-03-02T20:10:00Z","event":"ShipmentReceived","data":{"handlingFlags":[],"shipmentId":"SHIP-099","sortingDirection":"dir-1"}}
{"simTime":159300.0,"timestamp":"2026-03-02T20:15:00Z","event":"ShipmentRouterTriggered","data":{"assignmentsCount":1}}
{"simTime":159306.0,"timestamp":"2026-03-02T20:15:06Z","event":"BinArrivedAtPort","data":{"ean":"ean-1","binId":"bin-as1","shipmentId":"SHIP-099","qty":2,"portId":"AS1-port-1"}}
{"simTime":159362.43432977324,"timestamp":"2026-03-02T20:16:02Z","event":"BinPickCompleted","data":{"binId":"bin-as1","PickDuration":56.434329773238396,"shipmentId":"SHIP-099","portId":"AS1-port-1"}}
{"simTime":159362.43432977324,"timestamp":"2026-03-02T20:16:02Z","event":"ShipmentPacked","data":{"PackingDuration":362.4343297732412,"shipmentId":"SHIP-099","portId":"AS1-port-1"}}
{"simTime":160500.0,"timestamp":"2026-03-02T20:35:00Z","event":"ShipmentReceived","data":{"handlingFlags":[],"shipmentId":"SHIP-100","sortingDirection":"dir-1"}}
{"simTime":161100.0,"timestamp":"2026-03-02T20:45:00Z","event":"ShipmentRouterTriggered","data":{"assignmentsCount":1}}
{"simTime":161106.0,"timestamp":"2026-03-02T20:45:06Z","event":"BinArrivedAtPort","data":{"ean":"ean-3","binId":"extra-bin-as1","shipmentId":"SHIP-100","qty":1,"portId":"AS1-port-1"}}
{"simTime":161134.94757722237,"timestamp":"2026-03-02T20:45:34Z","event":"BinPickCompleted","data":{"binId":"extra-bin-as1","PickDuration":28.94757722236606,"shipmentId":"SHIP-100","portId":"AS1-port-1"}}
{"simTime":161134.94757722237,"timestamp":"2026-03-02T20:45:34Z","event":"ShipmentPacked","data":{"PackingDuration":634.9475772223668,"shipmentId":"SHIP-100","portId":"AS1-port-1"}}
{"simTime":172740.0,"timestamp":"2026-03-02T23:59:00Z","event":"ShiftClose","data":{"gridId":"AS2"}}
{"simTime":172740.0,"timestamp":"2026-03-02T23:59:00Z","event":"ShiftClose","data":{"gridId":"AS1"}}
